<?xml version="1.0" encoding="utf-8"?>
<shfbBuild product="Sandcastle Help File Builder" version="2015.1.12.0" projectFile="M:\jobs\FULLBUILD-RELEASE4-GET\api\gx\doc\DotNetXReference\DotNetXReference.shfbproj" started="11/12/2018 4:22:02 PM">
<buildStep step="Initializing">
Finding tools...
The Sandcastle tools are located in &#39;C:\Program Files (x86)\EWSoftware\Sandcastle Help File Builder\&#39;
Locating components in the following folder(s):
   M:\jobs\FULLBUILD-RELEASE4-GET\api\gx\doc\Geosoft.Sandcastle\Release\
   M:\jobs\FULLBUILD-RELEASE4-GET\api\gx\doc\DotNetXReference
Using presentation style &#39;VS2013Geosoft&#39; located in &#39;M:\jobs\FULLBUILD-RELEASE4-GET\api\gx\doc\Geosoft.Sandcastle\Release&#39;
Loading and initializing plug-ins...
Additional Content Only plug-in is disabled and will not be loaded
Geosoft DotNetExtraReflectionInfo Plugin Version 1.0.0.0
Copyright &#169; 2015, , All Rights Reserved.
Table of Contents Exclusion Version 2015.1.12.0
Copyright &#169; 2006-2015, Eric Woodruff, All Rights Reserved
Geosoft GXAPIVersionHistory Plugin Version 1.0.0.0
Copyright &#169; 2015, , All Rights Reserved.
Lightweight Website Style Version 2015.1.12.0
Copyright &#169; 2006-2015, Eric Woodruff, All Rights Reserved
Portions Copyright &#169; 2014, Sam Harwell, All Rights Reserved
</buildStep>
<buildStep step="ValidatingDocumentationSources">
Validating and copying documentation source information
Source: M:\jobs\FULLBUILD-RELEASE4-GET\api\gx\doc\Sources\geoengine.core.gxnetx.dll
    Found assembly &#39;M:\jobs\FULLBUILD-RELEASE4-GET\api\gx\doc\Sources\geoengine.core.gxnetx.dll&#39;
Source: M:\jobs\FULLBUILD-RELEASE4-GET\api\gx\doc\Sources\geoengine.core.gxnetx.xml
Source: M:\jobs\FULLBUILD-RELEASE4-GET\api\gx\doc\Sources\geosoft.desktop.gxnetx.dll
    Found assembly &#39;M:\jobs\FULLBUILD-RELEASE4-GET\api\gx\doc\Sources\geosoft.desktop.gxnetx.dll&#39;
Source: M:\jobs\FULLBUILD-RELEASE4-GET\api\gx\doc\Sources\geosoft.desktop.gxnetx.xml

Copying XML comments files
    M:\jobs\FULLBUILD-RELEASE4-GET\api\gx\doc\Sources\geoengine.core.gxnetx.xml -&gt; M:\jobs\FULLBUILD-RELEASE4-GET\api\build\gx_redist\gh_pages\dotnet\GXNetX\Working\geoengine.core.gxnetx.xml
    M:\jobs\FULLBUILD-RELEASE4-GET\api\gx\doc\Sources\geosoft.desktop.gxnetx.xml -&gt; M:\jobs\FULLBUILD-RELEASE4-GET\api\build\gx_redist\gh_pages\dotnet\GXNetX\Working\geosoft.desktop.gxnetx.xml
</buildStep>
<buildStep step="GenerateSharedContent">
Generating shared content files (en-US, English (United States))...
<plugIn name="Lightweight Website Style" behavior="After" priority="1000">
</plugIn>    Last step completed in 00:00:00.1094
</buildStep>
<buildStep step="GenerateApiFilter">
Generating API filter for MRefBuilder...
    Last step completed in 00:00:00.0938
</buildStep>
<buildStep step="GenerateReflectionInfo">
Generating reflection information...
[C:\Program Files (x86)\Microsoft Visual Studio\2017\Enterprise\MSBuild\15.0\bin\amd64\MSBuild.exe]
Build started 11/12/2018 4:22:06 PM.
Project &quot;M:\jobs\FULLBUILD-RELEASE4-GET\api\build\gx_redist\gh_pages\dotnet\GXNetX\Working\GenerateRefInfo.proj&quot; on node 1 (default targets).
PrepareForBuild:
  Creating directory &quot;obj\x64\Debug\&quot;.
GenerateRefInfo:
  MRefBuilder (v2015.1.12.0)
  Copyright c 2006-2015, Microsoft Corporation, All Rights Reserved.
  Portions Copyright c 2006-2014, Eric Woodruff, All Rights Reserved.
  Loaded 2 assemblies for reflection and 1 dependency assemblies.
  Wrote information on 3 namespaces, 546 types, and 8888 members
  Copying file from &quot;reflection.org&quot; to &quot;reflection.all&quot;.
  XslTransform (v2015.1.12.0)
  Copyright c 2006-2015, Microsoft Corporation, All Rights Reserved.
  Portions Copyright c 2006-2014, Eric Woodruff, All Rights Reserved.
  Applying XSL transformation &#39;C:\Program Files (x86)\EWSoftware\Sandcastle Help File Builder\ProductionTransforms\MergeDuplicates.xsl&#39;.
Done Building Project &quot;M:\jobs\FULLBUILD-RELEASE4-GET\api\build\gx_redist\gh_pages\dotnet\GXNetX\Working\GenerateRefInfo.proj&quot; (default targets).
<plugIn name="Geosoft DotNetExtraReflectionInfo Plugin" behavior="After" priority="1000">
In Geosoft.Sandcastle.Plugins.DotNetExtraReflectionInfo Execute() method
In Geosoft.Sandcastle.Plugins.DotNetExtraReflectionInfo Execute() method
</plugIn>    Last step completed in 00:00:05.1408
</buildStep>
<buildStep step="TransformReflectionInfo">
Transforming reflection output...
[C:\Program Files (x86)\Microsoft Visual Studio\2017\Enterprise\MSBuild\15.0\bin\amd64\MSBuild.exe]
Build started 11/12/2018 4:22:11 PM.
Project &quot;M:\jobs\FULLBUILD-RELEASE4-GET\api\build\gx_redist\gh_pages\dotnet\GXNetX\Working\TransformManifest.proj&quot; on node 1 (default targets).
TransformManifest:
  XslTransform (v2015.1.12.0)
  Copyright c 2006-2015, Microsoft Corporation, All Rights Reserved.
  Portions Copyright c 2006-2014, Eric Woodruff, All Rights Reserved.
  Applying XSL transformation &#39;C:\Program Files (x86)\EWSoftware\Sandcastle Help File Builder\\ProductionTransforms\ApplyVSDocModel.xsl&#39;.
  Copying file from &quot;reflection.xml&quot; to &quot;reflection.nofilenames&quot;.
  XslTransform (v2015.1.12.0)
  Copyright c 2006-2015, Microsoft Corporation, All Rights Reserved.
  Portions Copyright c 2006-2014, Eric Woodruff, All Rights Reserved.
  Applying XSL transformation &#39;C:\Program Files (x86)\EWSoftware\Sandcastle Help File Builder\ProductionTransforms\AddFilenames.xsl&#39;.
    Unique name M_GeoEngine_Core_GXNetX_CGXNETCore__ctor_1 generated for M:GeoEngine.Core.GXNetX.CGXNETCore.#ctor(System.IntPtr)
    Unique name M_GeoEngine_Core_GXNetX_CGXNETCore_Dispose_1 generated for M:GeoEngine.Core.GXNetX.CGXNETCore.Dispose(System.Boolean)
    Unique name M_GeoEngine_Core_GXNetX_CHANDLE__ctor_1 generated for M:GeoEngine.Core.GXNetX.CHANDLE.#ctor(GeoEngine.Core.GXNetX.CGXNETCore,System.Int32)
    Unique name M_GeoEngine_Core_GXNetX_CHANDLE__ctor_2 generated for M:GeoEngine.Core.GXNetX.CHANDLE.#ctor(GeoEngine.Core.GXNetX.CGXNETCore,System.Int32,System.Boolean)
    Unique name M_GeoEngine_Core_GXNetX_CHANDLE_Dispose_1 generated for M:GeoEngine.Core.GXNetX.CHANDLE.Dispose(System.Boolean)
    Unique name M_GeoEngine_Core_GXNetX_CSYS_EnableGXDebugger_1 generated for M:GeoEngine.Core.GXNetX.CSYS.EnableGXDebugger(GeoEngine.Core.GXNetX.CGXNETCore,System.Windows.Forms.IWin32Window,System.String,System.String)
    Unique name M_GeoEngine_Core_GXNetX_CSYS_iRunGX_1 generated for M:GeoEngine.Core.GXNetX.CSYS.iRunGX(GeoEngine.Core.GXNetX.CGXNETCore,System.Windows.Forms.IWin32Window,System.String)
    Unique name M_GeoEngine_Core_GXNetX_CSYS_iRunGXEx_1 generated for M:GeoEngine.Core.GXNetX.CSYS.iRunGXEx(GeoEngine.Core.GXNetX.CGXNETCore,System.Windows.Forms.IWin32Window,System.String,System.Int32@)
    Unique name M_Geosoft_Desktop_GXNetX_CARCDB_iImportChemDatabaseWizard_1 generated for M:Geosoft.Desktop.GXNetX.CARCDB.iImportChemDatabaseWizard(System.Windows.Forms.IWin32Window,System.String,System.Int32)
    Unique name M_Geosoft_Desktop_GXNetX_CGUI_Fft2SpecFilter_1 generated for M:Geosoft.Desktop.GXNetX.CGUI.Fft2SpecFilter(GeoEngine.Core.GXNetX.CGXNETCore,System.Windows.Forms.IWin32Window,System.String,System.String)
    Unique name M_Geosoft_Desktop_GXNetX_CGUI_GridStatHist_1 generated for M:Geosoft.Desktop.GXNetX.CGUI.GridStatHist(GeoEngine.Core.GXNetX.CGXNETCore,System.Windows.Forms.IWin32Window,System.String)
    Unique name M_Geosoft_Desktop_GXNetX_CGUI_iCoordSysWizard_1 generated for M:Geosoft.Desktop.GXNetX.CGUI.iCoordSysWizard(GeoEngine.Core.GXNetX.CGXNETCore,System.Windows.Forms.IWin32Window,GeoEngine.Core.GXNetX.CIPJ,System.Int32,System.Int32,System.String,System.String)
    Unique name M_Geosoft_Desktop_GXNetX_CGUI_iDatabaseType_1 generated for M:Geosoft.Desktop.GXNetX.CGUI.iDatabaseType(GeoEngine.Core.GXNetX.CGXNETCore,System.Windows.Forms.IWin32Window,System.String,System.String@)
    Unique name M_Geosoft_Desktop_GXNetX_CGUI_iExportXYZTemplateEditor_1 generated for M:Geosoft.Desktop.GXNetX.CGUI.iExportXYZTemplateEditor(GeoEngine.Core.GXNetX.CGXNETCore,System.Windows.Forms.IWin32Window,GeoEngine.Core.GXNetX.CDB,System.String,System.Int32)
    Unique name M_Geosoft_Desktop_GXNetX_CGUI_iExportXYZTemplateEditorEx_1 generated for M:Geosoft.Desktop.GXNetX.CGUI.iExportXYZTemplateEditorEx(GeoEngine.Core.GXNetX.CGXNETCore,System.Windows.Forms.IWin32Window,Geosoft.Desktop.GXNetX.CEDB,System.String@)
    Unique name M_Geosoft_Desktop_GXNetX_CGUI_iGetAreaOfInterest_1 generated for M:Geosoft.Desktop.GXNetX.CGUI.iGetAreaOfInterest(GeoEngine.Core.GXNetX.CGXNETCore,System.Windows.Forms.IWin32Window,System.Double@,System.Double@,System.Double@,System.Double@,GeoEngine.Core.GXNetX.CPLY,GeoEngine.Core.GXNetX.CIPJ)
    Unique name M_Geosoft_Desktop_GXNetX_CGUI_iGetAreaOfInterest3D_1 generated for M:Geosoft.Desktop.GXNetX.CGUI.iGetAreaOfInterest3D(GeoEngine.Core.GXNetX.CGXNETCore,System.Windows.Forms.IWin32Window,System.Double@,System.Double@,System.Double@,System.Double@,System.Double@,System.Double@,GeoEngine.Core.GXNetX.CPLY,GeoEngine.Core.GXNetX.CIPJ)
    Unique name M_Geosoft_Desktop_GXNetX_CGUI_IiCustomFileForm_1 generated for M:Geosoft.Desktop.GXNetX.CGUI.IiCustomFileForm(GeoEngine.Core.GXNetX.CGXNETCore,System.Windows.Forms.IWin32Window,System.String,System.String,System.String,System.String@,System.Int32,System.Int32)
    Unique name M_Geosoft_Desktop_GXNetX_CGUI_IiDatFileForm_1 generated for M:Geosoft.Desktop.GXNetX.CGUI.IiDatFileForm(GeoEngine.Core.GXNetX.CGXNETCore,System.Windows.Forms.IWin32Window,System.String,System.String,System.String@,System.Int32,System.Int32,System.Int32)
    Unique name M_Geosoft_Desktop_GXNetX_CGUI_IiGenFileForm_1 generated for M:Geosoft.Desktop.GXNetX.CGUI.IiGenFileForm(GeoEngine.Core.GXNetX.CGXNETCore,System.Windows.Forms.IWin32Window,System.String,GeoEngine.Core.GXNetX.CVV,System.Int32,System.String,System.String@,System.Int32,System.Int32)
    Unique name M_Geosoft_Desktop_GXNetX_CGUI_IiImportDrillDatabaseADO2_1 generated for M:Geosoft.Desktop.GXNetX.CGUI.IiImportDrillDatabaseADO2(GeoEngine.Core.GXNetX.CGXNETCore,System.Windows.Forms.IWin32Window,System.String,System.String@,System.String@,System.Int32@,GeoEngine.Core.GXNetX.CREG)
    Unique name M_Geosoft_Desktop_GXNetX_CGUI_IiImportDrillDatabaseESRI_1 generated for M:Geosoft.Desktop.GXNetX.CGUI.IiImportDrillDatabaseESRI(GeoEngine.Core.GXNetX.CGXNETCore,System.Windows.Forms.IWin32Window,System.String,System.String@,System.String@,System.Int32@,System.Int32,GeoEngine.Core.GXNetX.CREG)
    Unique name M_Geosoft_Desktop_GXNetX_CGUI_IiImportDrillDatabaseODBC_1 generated for M:Geosoft.Desktop.GXNetX.CGUI.IiImportDrillDatabaseODBC(GeoEngine.Core.GXNetX.CGXNETCore,System.Windows.Forms.IWin32Window,System.String@,System.String@,System.String@,System.Int32@,GeoEngine.Core.GXNetX.CREG)
    Unique name M_Geosoft_Desktop_GXNetX_CGUI_IiImportDrillDatabaseODBCMaxwell_1 generated for M:Geosoft.Desktop.GXNetX.CGUI.IiImportDrillDatabaseODBCMaxwell(GeoEngine.Core.GXNetX.CGXNETCore,System.Windows.Forms.IWin32Window,System.String@,System.String@,System.String@,System.Int32@,GeoEngine.Core.GXNetX.CREG)
    Unique name M_Geosoft_Desktop_GXNetX_CGUI_iImportAsciiWizard_1 generated for M:Geosoft.Desktop.GXNetX.CGUI.iImportAsciiWizard(GeoEngine.Core.GXNetX.CGXNETCore,System.Windows.Forms.IWin32Window,System.String,System.String)
    Unique name M_Geosoft_Desktop_GXNetX_CGUI_iImportChemDatabase_1 generated for M:Geosoft.Desktop.GXNetX.CGUI.iImportChemDatabase(GeoEngine.Core.GXNetX.CGXNETCore,System.Windows.Forms.IWin32Window,System.String,System.String,System.String@,System.Int32)
    Unique name M_Geosoft_Desktop_GXNetX_CGUI_iImportChemDatabaseADO_1 generated for M:Geosoft.Desktop.GXNetX.CGUI.iImportChemDatabaseADO(GeoEngine.Core.GXNetX.CGXNETCore,System.Windows.Forms.IWin32Window,System.String,System.String,System.String@,System.Int32)
    Unique name M_Geosoft_Desktop_GXNetX_CGUI_iImportDatabase_1 generated for M:Geosoft.Desktop.GXNetX.CGUI.iImportDatabase(GeoEngine.Core.GXNetX.CGXNETCore,System.Windows.Forms.IWin32Window,System.String,System.String,System.String@)
    Unique name M_Geosoft_Desktop_GXNetX_CGUI_iImportDatabaseADO_1 generated for M:Geosoft.Desktop.GXNetX.CGUI.iImportDatabaseADO(GeoEngine.Core.GXNetX.CGXNETCore,System.Windows.Forms.IWin32Window,System.String,System.String,System.String@)
    Unique name M_Geosoft_Desktop_GXNetX_CGUI_iImportDatabaseSQL_1 generated for M:Geosoft.Desktop.GXNetX.CGUI.iImportDatabaseSQL(GeoEngine.Core.GXNetX.CGXNETCore,System.Windows.Forms.IWin32Window,System.String,System.String,System.String,System.String@)
    Unique name M_Geosoft_Desktop_GXNetX_CGUI_iImportDatabaseSQLADO_1 generated for M:Geosoft.Desktop.GXNetX.CGUI.iImportDatabaseSQLADO(GeoEngine.Core.GXNetX.CGXNETCore,System.Windows.Forms.IWin32Window,System.String,System.String,System.String,System.String@)
    Unique name M_Geosoft_Desktop_GXNetX_CGUI_iImportDrillDatabaseADO_1 generated for M:Geosoft.Desktop.GXNetX.CGUI.iImportDrillDatabaseADO(GeoEngine.Core.GXNetX.CGXNETCore,System.Windows.Forms.IWin32Window,System.String,System.String,System.String@,System.Int32@,GeoEngine.Core.GXNetX.CREG)
    Unique name M_Geosoft_Desktop_GXNetX_CGUI_iImportTemplateSQL_1 generated for M:Geosoft.Desktop.GXNetX.CGUI.iImportTemplateSQL(GeoEngine.Core.GXNetX.CGXNETCore,System.Windows.Forms.IWin32Window,System.String,System.String,System.String,System.String)
    Unique name M_Geosoft_Desktop_GXNetX_CGUI_iImportTemplateSQLADO_1 generated for M:Geosoft.Desktop.GXNetX.CGUI.iImportTemplateSQLADO(GeoEngine.Core.GXNetX.CGXNETCore,System.Windows.Forms.IWin32Window,System.String,System.String,System.String,System.String)
    Unique name M_Geosoft_Desktop_GXNetX_CGUI_iImportXYZTemplateEditor_1 generated for M:Geosoft.Desktop.GXNetX.CGUI.iImportXYZTemplateEditor(GeoEngine.Core.GXNetX.CGXNETCore,System.Windows.Forms.IWin32Window,GeoEngine.Core.GXNetX.CDB,System.String,System.Int32,System.String)
    Unique name M_Geosoft_Desktop_GXNetX_CGUI_IiODBCFileConnect_1 generated for M:Geosoft.Desktop.GXNetX.CGUI.IiODBCFileConnect(GeoEngine.Core.GXNetX.CGXNETCore,System.Windows.Forms.IWin32Window,System.String,System.String@,System.Int32,System.String@)
    Unique name M_Geosoft_Desktop_GXNetX_CGUI_iMetaDataTool_1 generated for M:Geosoft.Desktop.GXNetX.CGUI.iMetaDataTool(GeoEngine.Core.GXNetX.CGXNETCore,System.Windows.Forms.IWin32Window,GeoEngine.Core.GXNetX.CMETA,System.Int32,System.Int32)
    Unique name M_Geosoft_Desktop_GXNetX_CGUI_ImportChemWizard_1 generated for M:Geosoft.Desktop.GXNetX.CGUI.ImportChemWizard(GeoEngine.Core.GXNetX.CGXNETCore,System.Windows.Forms.IWin32Window,System.String,System.String,System.Int32)
    Unique name M_Geosoft_Desktop_GXNetX_CGUI_ImportDrillWizard_1 generated for M:Geosoft.Desktop.GXNetX.CGUI.ImportDrillWizard(GeoEngine.Core.GXNetX.CGXNETCore,System.Windows.Forms.IWin32Window,System.String,System.String,System.String@,System.Int32@,GeoEngine.Core.GXNetX.CREG)
    Unique name M_Geosoft_Desktop_GXNetX_CGUI_ImportDrillWizardEx_1 generated for M:Geosoft.Desktop.GXNetX.CGUI.ImportDrillWizardEx(GeoEngine.Core.GXNetX.CGXNETCore,System.Windows.Forms.IWin32Window,System.String,System.String,System.String@,System.Int32,GeoEngine.Core.GXNetX.CREG)
    Unique name M_Geosoft_Desktop_GXNetX_CGUI_iTwoPanelSelection_1 generated for M:Geosoft.Desktop.GXNetX.CGUI.iTwoPanelSelection(GeoEngine.Core.GXNetX.CGXNETCore,System.Windows.Forms.IWin32Window,GeoEngine.Core.GXNetX.CLST,GeoEngine.Core.GXNetX.CLST,System.String)
    Unique name M_Geosoft_Desktop_GXNetX_CGUI_iTwoPanelSelection2_1 generated for M:Geosoft.Desktop.GXNetX.CGUI.iTwoPanelSelection2(GeoEngine.Core.GXNetX.CGXNETCore,System.Windows.Forms.IWin32Window,GeoEngine.Core.GXNetX.CLST,GeoEngine.Core.GXNetX.CLST,System.String)
    Unique name M_Geosoft_Desktop_GXNetX_CGUI_iTwoPanelSelectionEx_1 generated for M:Geosoft.Desktop.GXNetX.CGUI.iTwoPanelSelectionEx(GeoEngine.Core.GXNetX.CGXNETCore,System.Windows.Forms.IWin32Window,GeoEngine.Core.GXNetX.CLST,GeoEngine.Core.GXNetX.CLST,System.Int32,System.Int32,System.String)
    Unique name M_Geosoft_Desktop_GXNetX_CGUI_iTwoPanelSelectionEx2_1 generated for M:Geosoft.Desktop.GXNetX.CGUI.iTwoPanelSelectionEx2(GeoEngine.Core.GXNetX.CGXNETCore,System.Windows.Forms.IWin32Window,GeoEngine.Core.GXNetX.CLST,GeoEngine.Core.GXNetX.CLST,System.Int32,System.Int32,System.String,System.String)
    Unique name M_Geosoft_Desktop_GXNetX_CGUI_MetaDataViewer_1 generated for M:Geosoft.Desktop.GXNetX.CGUI.MetaDataViewer(GeoEngine.Core.GXNetX.CGXNETCore,System.Windows.Forms.IWin32Window,GeoEngine.Core.GXNetX.CMETA,System.Int32,System.Int32)
    Unique name M_Geosoft_Desktop_GXNetX_CGUI_ShowDirectHist_1 generated for M:Geosoft.Desktop.GXNetX.CGUI.ShowDirectHist(GeoEngine.Core.GXNetX.CGXNETCore,System.Windows.Forms.IWin32Window,System.Double,System.Double,System.Double,System.Double,System.Double,System.Int32,GeoEngine.Core.GXNetX.CVV)
    Unique name M_Geosoft_Desktop_GXNetX_CGUI_ShowHist_1 generated for M:Geosoft.Desktop.GXNetX.CGUI.ShowHist(GeoEngine.Core.GXNetX.CGXNETCore,System.Windows.Forms.IWin32Window,GeoEngine.Core.GXNetX.CST)
    Unique name M_Geosoft_Desktop_GXNetX_CGUI_SimpleMapDialog_1 generated for M:Geosoft.Desktop.GXNetX.CGUI.SimpleMapDialog(GeoEngine.Core.GXNetX.CGXNETCore,System.Windows.Forms.IWin32Window,GeoEngine.Core.GXNetX.CMAP,System.String,System.String)
    Unique name M_Geosoft_Desktop_GXNetX_CGUI_VoxelStatHist_1 generated for M:Geosoft.Desktop.GXNetX.CGUI.VoxelStatHist(GeoEngine.Core.GXNetX.CGXNETCore,System.Windows.Forms.IWin32Window,System.String)
    Unique name M_Geosoft_Desktop_GXNetX_CGX_NET__ctor_1 generated for M:Geosoft.Desktop.GXNetX.CGX_NET.#ctor(System.IntPtr)
    Unique name M_Geosoft_Desktop_GXNetX_CGX_NET__ctor_2 generated for M:Geosoft.Desktop.GXNetX.CGX_NET.#ctor(System.String,System.String,System.Int32,System.Windows.Forms.IWin32Window,System.Int32)
    Unique name M_Geosoft_Desktop_GXNetX_CGX_NET__ctor_3 generated for M:Geosoft.Desktop.GXNetX.CGX_NET.#ctor(System.String,System.String,System.String,System.Int32,System.Windows.Forms.IWin32Window,System.Int32)
    Unique name M_Geosoft_Desktop_GXNetX_CGX_NET_Initialize_1 generated for M:Geosoft.Desktop.GXNetX.CGX_NET.Initialize(System.String,System.String,System.String,System.Int32,System.Windows.Forms.IWin32Window,System.Int32)
  XslTransform (v2015.1.12.0)
  Copyright c 2006-2015, Microsoft Corporation, All Rights Reserved.
  Portions Copyright c 2006-2014, Eric Woodruff, All Rights Reserved.
  Applying XSL transformation &#39;C:\Program Files (x86)\EWSoftware\Sandcastle Help File Builder\ProductionTransforms\ReflectionToManifest.xsl&#39;.
Done Building Project &quot;M:\jobs\FULLBUILD-RELEASE4-GET\api\build\gx_redist\gh_pages\dotnet\GXNetX\Working\TransformManifest.proj&quot; (default targets).
<plugIn name="Geosoft DotNetExtraReflectionInfo Plugin" behavior="After" priority="1000">
In Geosoft.Sandcastle.Plugins.DotNetExtraReflectionInfo Execute() method
In Geosoft.Sandcastle.Plugins.DotNetExtraReflectionInfo Execute() method
</plugIn>    Last step completed in 00:00:07.3128
</buildStep>
<buildStep step="GenerateNamespaceSummaries">
Generating namespace summary information...
    Last step completed in 00:00:00.2813
</buildStep>
<buildStep step="CopyConceptualContent">
Copying conceptual content...
<plugIn name="Geosoft GXAPIVersionHistory Plugin" behavior="Before" priority="1000">
In Geosoft.Sandcastle.Plugins.GXAPIVersionHistory Execute() method
In Geosoft.Sandcastle.Plugins.GXAPIVersionHistory Execute() method
</plugIn>Copying standard token shared content file...
Checking for other token files...
    C:\Users\buildagent.GEOSOFT\AppData\Local\Temp\tmpD9FF.tmp -&gt; M:\jobs\FULLBUILD-RELEASE4-GET\api\build\gx_redist\gh_pages\dotnet\GXNetX\Working\tmpD9FF.tmp
Checking for code snippets files...
Copying images and creating the media map file...
Generating conceptual topic files
    Parsing topic file &#39;M:\jobs\FULLBUILD-RELEASE4-GET\api\gx\doc\DotNetXReference\Content\Welcome.aml&#39;
    M:\jobs\FULLBUILD-RELEASE4-GET\api\gx\doc\DotNetXReference\Content\Welcome.aml -&gt; M:\jobs\FULLBUILD-RELEASE4-GET\api\build\gx_redist\gh_pages\dotnet\GXNetX\Working\ddueXml\welcome.xml
    Parsing topic file &#39;M:\jobs\FULLBUILD-RELEASE4-GET\api\gx\doc\DotNetXReference\Content\VersionHistory\VersionHistory.aml&#39;
    M:\jobs\FULLBUILD-RELEASE4-GET\api\gx\doc\DotNetXReference\Content\VersionHistory\VersionHistory.aml -&gt; M:\jobs\FULLBUILD-RELEASE4-GET\api\build\gx_redist\gh_pages\dotnet\GXNetX\Working\ddueXml\version-history.xml
    Last step completed in 00:00:01.4376
</buildStep>
<buildStep step="CreateConceptualTopicConfigs">
Creating conceptual topic configuration files...
    Companion files
    _ContentMetadata_.xml
    ConceptualManifest.xml
    Last step completed in 00:00:00.0313
</buildStep>
<buildStep step="CopyAdditionalContent">
Copying additional content files...
M:\jobs\FULLBUILD-RELEASE4-GET\api\gx\doc\DotNetXReference\icons\Help.png -&gt; M:\jobs\FULLBUILD-RELEASE4-GET\api\build\gx_redist\gh_pages\dotnet\GXNetX\Working\Output\Website\icons\Help.png
    Last step completed in 00:00:00.0156
</buildStep>
<buildStep step="MergeTablesOfContents">
Merging conceptual and additional tables of contents...
    Last step completed in 00:00:00.0000
</buildStep>
<buildStep step="GenerateIntermediateTableOfContents">
Generating intermediate table of contents file...
[C:\Program Files (x86)\Microsoft Visual Studio\2017\Enterprise\MSBuild\15.0\bin\amd64\MSBuild.exe]
Build started 11/12/2018 4:22:20 PM.
Project &quot;M:\jobs\FULLBUILD-RELEASE4-GET\api\build\gx_redist\gh_pages\dotnet\GXNetX\Working\GenerateIntermediateTOC.proj&quot; on node 1 (default targets).
GenerateIntermediateTOC:
  XslTransform (v2015.1.12.0)
  Copyright c 2006-2015, Microsoft Corporation, All Rights Reserved.
  Portions Copyright c 2006-2014, Eric Woodruff, All Rights Reserved.
  Applying XSL transformation &#39;C:\Program Files (x86)\EWSoftware\Sandcastle Help File Builder\\ProductionTransforms\CreateVSToc.xsl&#39;.
Done Building Project &quot;M:\jobs\FULLBUILD-RELEASE4-GET\api\build\gx_redist\gh_pages\dotnet\GXNetX\Working\GenerateIntermediateTOC.proj&quot; (default targets).
Generating conceptual content intermediate TOC file...
<plugIn name="Table of Contents Exclusion" behavior="After" priority="1500">
Searching for comment members containing &lt;tocexclude /&gt;...
Found 402 members to exclude from the TOC
Removing members from the TOC
    Removing &#39;T:GeoEngine.Core.GXNetX.IntConstants&#39;
    Removing &#39;T:GeoEngine.Core.GXNetX.Constant&#39;
    Removing &#39;T:GeoEngine.Core.GXNetX.WA_OPENConstant&#39;
    Removing &#39;T:GeoEngine.Core.GXNetX.WA_ENCODEConstant&#39;
    Removing &#39;T:GeoEngine.Core.GXNetX.VV_WINDOWConstant&#39;
    Removing &#39;T:GeoEngine.Core.GXNetX.VV_SORTConstant&#39;
    Removing &#39;T:GeoEngine.Core.GXNetX.VV_ORDERConstant&#39;
    Removing &#39;T:GeoEngine.Core.GXNetX.VV_MASKConstant&#39;
    Removing &#39;T:GeoEngine.Core.GXNetX.VV_LOOKUPConstant&#39;
    Removing &#39;T:GeoEngine.Core.GXNetX.VV_LOGMODEConstant&#39;
    Removing &#39;T:GeoEngine.Core.GXNetX.VV_LOG_BASEConstant&#39;
    Removing &#39;T:GeoEngine.Core.GXNetX.VV_FLOAT_CRC_BITSConstant&#39;
    Removing &#39;T:GeoEngine.Core.GXNetX.VV_DOUBLE_CRC_BITSConstant&#39;
    Removing &#39;T:GeoEngine.Core.GXNetX.BLOCK_MODEL_VARIABLE_TYPEConstant&#39;
    Removing &#39;T:GeoEngine.Core.GXNetX.VOXE_EVALConstant&#39;
    Removing &#39;T:GeoEngine.Core.GXNetX.VOXELRENDER_MODEConstant&#39;
    Removing &#39;T:GeoEngine.Core.GXNetX.VOX_VECTORVOX_IMPORTConstant&#39;
    Removing &#39;T:GeoEngine.Core.GXNetX.VOX_SLICE_MODEConstant&#39;
    Removing &#39;T:GeoEngine.Core.GXNetX.VOX_ORIGINConstant&#39;
    Removing &#39;T:GeoEngine.Core.GXNetX.VOX_GRID_LOGOPTConstant&#39;
    Removing &#39;T:GeoEngine.Core.GXNetX.VOX_GOCAD_ORIENTATIONConstant&#39;
    Removing &#39;T:GeoEngine.Core.GXNetX.VOX_FILTER3DConstant&#39;
    Removing &#39;T:GeoEngine.Core.GXNetX.VOX_DIRECTIONConstant&#39;
    Removing &#39;T:GeoEngine.Core.GXNetX.VOX_DIRConstant&#39;
    Removing &#39;T:GeoEngine.Core.GXNetX.VA_OBJECTConstant&#39;
    Removing &#39;T:GeoEngine.Core.GXNetX.VA_AVERAGEConstant&#39;
    Removing &#39;T:GeoEngine.Core.GXNetX.USERMETA_FORMATConstant&#39;
    Removing &#39;T:GeoEngine.Core.GXNetX.TPAT_STRING_SIZEConstant&#39;
    Removing &#39;T:GeoEngine.Core.GXNetX.TB_SORTConstant&#39;
    Removing &#39;T:GeoEngine.Core.GXNetX.TB_SEARCHConstant&#39;
    Removing &#39;T:GeoEngine.Core.GXNetX.TD_IDConstant&#39;
    Removing &#39;T:GeoEngine.Core.GXNetX.TD_BUTTONConstant&#39;
    Removing &#39;T:GeoEngine.Core.GXNetX.TD_ICONConstant&#39;
    Removing &#39;T:GeoEngine.Core.GXNetX.SYS_ENCRYPTION_KEYConstant&#39;
    Removing &#39;T:GeoEngine.Core.GXNetX.SYS_SEARCH_PATHConstant&#39;
    Removing &#39;T:GeoEngine.Core.GXNetX.SYS_RUN_WINConstant&#39;
    Removing &#39;T:GeoEngine.Core.GXNetX.SYS_RUN_TYPEConstant&#39;
    Removing &#39;T:GeoEngine.Core.GXNetX.SYS_RUN_HOLDConstant&#39;
    Removing &#39;T:GeoEngine.Core.GXNetX.SYS_RUN_DISPLAYConstant&#39;
    Removing &#39;T:GeoEngine.Core.GXNetX.SYS_PATHConstant&#39;
    Removing &#39;T:GeoEngine.Core.GXNetX.SYS_MENU_CLEARConstant&#39;
    Removing &#39;T:GeoEngine.Core.GXNetX.SYS_LINEAGE_SOURCEConstant&#39;
    Removing &#39;T:GeoEngine.Core.GXNetX.SYS_INFOConstant&#39;
    Removing &#39;T:GeoEngine.Core.GXNetX.SYS_FONTConstant&#39;
    Removing &#39;T:GeoEngine.Core.GXNetX.SYS_DIRConstant&#39;
    Removing &#39;T:GeoEngine.Core.GXNetX.SHELL_EXECUTEConstant&#39;
    Removing &#39;T:GeoEngine.Core.GXNetX.REG_DOMAINConstant&#39;
    Removing &#39;T:GeoEngine.Core.GXNetX.GEO_DIRECTORYConstant&#39;
    Removing &#39;T:GeoEngine.Core.GXNetX.ARC_LICENSEConstant&#39;
    Removing &#39;T:GeoEngine.Core.GXNetX.SURFACERENDER_MODEConstant&#39;
    Removing &#39;T:GeoEngine.Core.GXNetX.SURFACE_OPENConstant&#39;
    Removing &#39;T:GeoEngine.Core.GXNetX.STR_TRIMConstant&#39;
    Removing &#39;T:GeoEngine.Core.GXNetX.STR_JUSTIFYConstant&#39;
    Removing &#39;T:GeoEngine.Core.GXNetX.STR_FILE_PARTConstant&#39;
    Removing &#39;T:GeoEngine.Core.GXNetX.STR_ESCAPEConstant&#39;
    Removing &#39;T:GeoEngine.Core.GXNetX.STR_CASEConstant&#39;
    Removing &#39;T:GeoEngine.Core.GXNetX.FILE_EXTConstant&#39;
    Removing &#39;T:GeoEngine.Core.GXNetX.ST2_CORRELATIONConstant&#39;
    Removing &#39;T:GeoEngine.Core.GXNetX.ST_INFOConstant&#39;
    Removing &#39;T:GeoEngine.Core.GXNetX.SBF_TYPEConstant&#39;
    Removing &#39;T:GeoEngine.Core.GXNetX.SBF_OPENConstant&#39;
    Removing &#39;T:GeoEngine.Core.GXNetX.REG_MERGEConstant&#39;
    Removing &#39;T:GeoEngine.Core.GXNetX.PLY_LINE_CLIPConstant&#39;
    Removing &#39;T:GeoEngine.Core.GXNetX.PLY_CLIPConstant&#39;
    Removing &#39;T:GeoEngine.Core.GXNetX.PJ_RECTConstant&#39;
    Removing &#39;T:GeoEngine.Core.GXNetX.PJ_ELEVATIONConstant&#39;
    Removing &#39;T:GeoEngine.Core.GXNetX.PG_BF_CONVConstant&#39;
    Removing &#39;T:GeoEngine.Core.GXNetX.PG_3D_DIRConstant&#39;
    Removing &#39;T:GeoEngine.Core.GXNetX.MVU_VSTYLEConstant&#39;
    Removing &#39;T:GeoEngine.Core.GXNetX.MVU_VSIZEConstant&#39;
    Removing &#39;T:GeoEngine.Core.GXNetX.MVU_VPOSConstant&#39;
    Removing &#39;T:GeoEngine.Core.GXNetX.MVU_VPOINTConstant&#39;
    Removing &#39;T:GeoEngine.Core.GXNetX.MVU_TEXTBOXConstant&#39;
    Removing &#39;T:GeoEngine.Core.GXNetX.MVU_VOX_SURFACE_OPTIONConstant&#39;
    Removing &#39;T:GeoEngine.Core.GXNetX.MVU_VOX_SURFACE_METHODConstant&#39;
    Removing &#39;T:GeoEngine.Core.GXNetX.MVU_FLIGHT_LOCATEConstant&#39;
    Removing &#39;T:GeoEngine.Core.GXNetX.MVU_FLIGHT_DUMMIESConstant&#39;
    Removing &#39;T:GeoEngine.Core.GXNetX.MVU_FLIGHT_COMPASSConstant&#39;
    Removing &#39;T:GeoEngine.Core.GXNetX.MVU_ARROWConstant&#39;
    Removing &#39;T:GeoEngine.Core.GXNetX.MVU_DIVISION_STYLEConstant&#39;
    Removing &#39;T:GeoEngine.Core.GXNetX.MVU_ORIENTATIONConstant&#39;
    Removing &#39;T:GeoEngine.Core.GXNetX.COLORBAR_STYLEConstant&#39;
    Removing &#39;T:GeoEngine.Core.GXNetX.COLORBAR_LABELConstant&#39;
    Removing &#39;T:GeoEngine.Core.GXNetX.BARCHART_LABELConstant&#39;
    Removing &#39;T:GeoEngine.Core.GXNetX.ARROW_ALIGNMENTConstant&#39;
    Removing &#39;T:GeoEngine.Core.GXNetX.EMLAY_GEOMETRYConstant&#39;
    Removing &#39;T:GeoEngine.Core.GXNetX.MVIEW_3D_RENDERConstant&#39;
    Removing &#39;T:GeoEngine.Core.GXNetX.TEXT_REFConstant&#39;
    Removing &#39;T:GeoEngine.Core.GXNetX.MVIEW_EXTENT_UNITConstant&#39;
    Removing &#39;T:GeoEngine.Core.GXNetX.MVIEW_UNITConstant&#39;
    Removing &#39;T:GeoEngine.Core.GXNetX.MVIEW_TILEConstant&#39;
    Removing &#39;T:GeoEngine.Core.GXNetX.MVIEW_SMOOTHConstant&#39;
    Removing &#39;T:GeoEngine.Core.GXNetX.MVIEW_RELOCATEConstant&#39;
    Removing &#39;T:GeoEngine.Core.GXNetX.MVIEW_PJConstant&#39;
    Removing &#39;T:GeoEngine.Core.GXNetX.MVIEW_OPENConstant&#39;
    Removing &#39;T:GeoEngine.Core.GXNetX.MVIEW_NAME_LENGTHConstant&#39;
    Removing &#39;T:GeoEngine.Core.GXNetX.MVIEW_LABEL_ORIENTConstant&#39;
    Removing &#39;T:GeoEngine.Core.GXNetX.MVIEW_LABEL_JUSTConstant&#39;
    Removing &#39;T:GeoEngine.Core.GXNetX.MVIEW_LABEL_BOUNDConstant&#39;
    Removing &#39;T:GeoEngine.Core.GXNetX.MVIEW_ISConstant&#39;
    Removing &#39;T:GeoEngine.Core.GXNetX.MVIEW_HIDEConstant&#39;
    Removing &#39;T:GeoEngine.Core.GXNetX.MVIEW_GROUP_LISTConstant&#39;
    Removing &#39;T:GeoEngine.Core.GXNetX.MVIEW_GROUPConstant&#39;
    Removing &#39;T:GeoEngine.Core.GXNetX.MVIEW_GRIDConstant&#39;
    Removing &#39;T:GeoEngine.Core.GXNetX.MVIEW_FONT_WEIGHTConstant&#39;
    Removing &#39;T:GeoEngine.Core.GXNetX.MVIEW_FITConstant&#39;
    Removing &#39;T:GeoEngine.Core.GXNetX.MVIEW_EXTENTConstant&#39;
    Removing &#39;T:GeoEngine.Core.GXNetX.MVIEW_DRAWOBJ3D_MODEConstant&#39;
    Removing &#39;T:GeoEngine.Core.GXNetX.MVIEW_DRAWOBJ3D_ENTITYConstant&#39;
    Removing &#39;T:GeoEngine.Core.GXNetX.MVIEW_DRAWConstant&#39;
    Removing &#39;T:GeoEngine.Core.GXNetX.MVIEW_CYLINDER3DConstant&#39;
    Removing &#39;T:GeoEngine.Core.GXNetX.MVIEW_COLORConstant&#39;
    Removing &#39;T:GeoEngine.Core.GXNetX.MVIEW_CLIPConstant&#39;
    Removing &#39;T:GeoEngine.Core.GXNetX.MAKERConstant&#39;
    Removing &#39;T:GeoEngine.Core.GXNetX.RBFKERNELConstant&#39;
    Removing &#39;T:GeoEngine.Core.GXNetX.MULTIGRID3D_DIRECTGRID_METHODConstant&#39;
    Removing &#39;T:GeoEngine.Core.GXNetX.FILTER3DConstant&#39;
    Removing &#39;T:GeoEngine.Core.GXNetX.VECTOR_IMPORTConstant&#39;
    Removing &#39;T:GeoEngine.Core.GXNetX.GOCAD_ORIENTATIONConstant&#39;
    Removing &#39;T:GeoEngine.Core.GXNetX.DIRECTION3DConstant&#39;
    Removing &#39;T:GeoEngine.Core.GXNetX.META_CORE_TYPEConstant&#39;
    Removing &#39;T:GeoEngine.Core.GXNetX.META_CORE_CLASSConstant&#39;
    Removing &#39;T:GeoEngine.Core.GXNetX.META_CORE_ATTRIBConstant&#39;
    Removing &#39;T:GeoEngine.Core.GXNetX.H_META_INVALID_TOKENConstant&#39;
    Removing &#39;T:GeoEngine.Core.GXNetX.SURFACE_CLIP_MODEConstant&#39;
    Removing &#39;T:GeoEngine.Core.GXNetX.ATTRIBUTE_TYPEConstant&#39;
    Removing &#39;T:GeoEngine.Core.GXNetX.ATTRIBUTE_DATA_TYPEConstant&#39;
    Removing &#39;T:GeoEngine.Core.GXNetX.MAPTEMPLATE_OPENConstant&#39;
    Removing &#39;T:GeoEngine.Core.GXNetX.MAP_OPENConstant&#39;
    Removing &#39;T:GeoEngine.Core.GXNetX.MAP_LIST_MODEConstant&#39;
    Removing &#39;T:GeoEngine.Core.GXNetX.MAP_EXPORT_RASTER_FORMATConstant&#39;
    Removing &#39;T:GeoEngine.Core.GXNetX.MAP_EXPORT_METHODConstant&#39;
    Removing &#39;T:GeoEngine.Core.GXNetX.MAP_EXPORT_FORMATConstant&#39;
    Removing &#39;T:GeoEngine.Core.GXNetX.MAP_EXPORT_BITSConstant&#39;
    Removing &#39;T:GeoEngine.Core.GXNetX.DUPMAPConstant&#39;
    Removing &#39;T:GeoEngine.Core.GXNetX.LTB_TYPEConstant&#39;
    Removing &#39;T:GeoEngine.Core.GXNetX.LTB_DELIMConstant&#39;
    Removing &#39;T:GeoEngine.Core.GXNetX.LTB_CONLSTConstant&#39;
    Removing &#39;T:GeoEngine.Core.GXNetX.LTB_CASEConstant&#39;
    Removing &#39;T:GeoEngine.Core.GXNetX.LST_ITEMConstant&#39;
    Removing &#39;T:GeoEngine.Core.GXNetX.LAYOUT_CONSTRConstant&#39;
    Removing &#39;T:GeoEngine.Core.GXNetX.ITR_ZONE_MODELConstant&#39;
    Removing &#39;T:GeoEngine.Core.GXNetX.ITR_ZONEConstant&#39;
    Removing &#39;T:GeoEngine.Core.GXNetX.ITR_POWERConstant&#39;
    Removing &#39;T:GeoEngine.Core.GXNetX.ITR_NULLConstant&#39;
    Removing &#39;T:GeoEngine.Core.GXNetX.ITR_COLOR_MODELConstant&#39;
    Removing &#39;T:GeoEngine.Core.GXNetX.IPJ_WARPConstant&#39;
    Removing &#39;T:GeoEngine.Core.GXNetX.IPJ_UNITConstant&#39;
    Removing &#39;T:GeoEngine.Core.GXNetX.IPJ_TYPEConstant&#39;
    Removing &#39;T:GeoEngine.Core.GXNetX.IPJ_PARM_LSTConstant&#39;
    Removing &#39;T:GeoEngine.Core.GXNetX.IPJ_ORIENTConstant&#39;
    Removing &#39;T:GeoEngine.Core.GXNetX.IPJ_NAMEConstant&#39;
    Removing &#39;T:GeoEngine.Core.GXNetX.IPJ_CSPConstant&#39;
    Removing &#39;T:GeoEngine.Core.GXNetX.IPJ_3D_ROTATEConstant&#39;
    Removing &#39;T:GeoEngine.Core.GXNetX.IPJ_3D_FLAGConstant&#39;
    Removing &#39;T:GeoEngine.Core.GXNetX.IMU_XYZ_LABELConstant&#39;
    Removing &#39;T:GeoEngine.Core.GXNetX.IMU_XYZ_INDEXConstant&#39;
    Removing &#39;T:GeoEngine.Core.GXNetX.IMU_WIND_DUMMIESConstant&#39;
    Removing &#39;T:GeoEngine.Core.GXNetX.IMU_WIND_COORDConstant&#39;
    Removing &#39;T:GeoEngine.Core.GXNetX.IMU_TRENDConstant&#39;
    Removing &#39;T:GeoEngine.Core.GXNetX.IMU_TRANSConstant&#39;
    Removing &#39;T:GeoEngine.Core.GXNetX.IMU_STAT_FORCEDConstant&#39;
    Removing &#39;T:GeoEngine.Core.GXNetX.IMU_MASKConstant&#39;
    Removing &#39;T:GeoEngine.Core.GXNetX.IMU_FLOAT_CRC_BITSConstant&#39;
    Removing &#39;T:GeoEngine.Core.GXNetX.IMU_FILT_HZDRVConstant&#39;
    Removing &#39;T:GeoEngine.Core.GXNetX.IMU_FILT_FILEConstant&#39;
    Removing &#39;T:GeoEngine.Core.GXNetX.IMU_FILT_DUMMYConstant&#39;
    Removing &#39;T:GeoEngine.Core.GXNetX.IMU_FILL_ROLLOPTConstant&#39;
    Removing &#39;T:GeoEngine.Core.GXNetX.IMU_EXPAND_SHAPEConstant&#39;
    Removing &#39;T:GeoEngine.Core.GXNetX.IMU_DOUBLE_CRC_BITSConstant&#39;
    Removing &#39;T:GeoEngine.Core.GXNetX.IMU_BOOL_SIZINGConstant&#39;
    Removing &#39;T:GeoEngine.Core.GXNetX.IMU_BOOL_OPTConstant&#39;
    Removing &#39;T:GeoEngine.Core.GXNetX.IMU_BOOL_OLAPConstant&#39;
    Removing &#39;T:GeoEngine.Core.GXNetX.IMG_RELOCATEConstant&#39;
    Removing &#39;T:GeoEngine.Core.GXNetX.IMG_QUERYConstant&#39;
    Removing &#39;T:GeoEngine.Core.GXNetX.IMG_FILEConstant&#39;
    Removing &#39;T:GeoEngine.Core.GXNetX.IMG_NULLConstant&#39;
    Removing &#39;T:GeoEngine.Core.GXNetX.GRID3D_TYPEConstant&#39;
    Removing &#39;T:GeoEngine.Core.GXNetX.GIS_TYPEConstant&#39;
    Removing &#39;T:GeoEngine.Core.GXNetX.GIS_MAP2DConstant&#39;
    Removing &#39;T:GeoEngine.Core.GXNetX.SECTION_ORIENTATIONConstant&#39;
    Removing &#39;T:GeoEngine.Core.GXNetX.GEOSTRING_OPENConstant&#39;
    Removing &#39;T:GeoEngine.Core.GXNetX.TIME_FORMATConstant&#39;
    Removing &#39;T:GeoEngine.Core.GXNetX.SYS_CRYPT_KEYConstant&#39;
    Removing &#39;T:GeoEngine.Core.GXNetX.GS_TYPESConstant&#39;
    Removing &#39;T:GeoEngine.Core.GXNetX.GS_FORMATSConstant&#39;
    Removing &#39;T:GeoEngine.Core.GXNetX.GEO_VARConstant&#39;
    Removing &#39;T:GeoEngine.Core.GXNetX.GEO_BOOLConstant&#39;
    Removing &#39;T:GeoEngine.Core.GXNetX.GEO_STRING_SIZEConstant&#39;
    Removing &#39;T:GeoEngine.Core.GXNetX.GEO_LIMITSConstant&#39;
    Removing &#39;T:GeoEngine.Core.GXNetX.GEO_FULL_LIMITSConstant&#39;
    Removing &#39;T:GeoEngine.Core.GXNetX.GEO_DUMMYConstant&#39;
    Removing &#39;T:GeoEngine.Core.GXNetX.DATE_FORMATConstant&#39;
    Removing &#39;T:GeoEngine.Core.GXNetX.CRC_INIT_VALUEConstant&#39;
    Removing &#39;T:GeoEngine.Core.GXNetX.DSEL_PICTURE_QUALITYConstant&#39;
    Removing &#39;T:GeoEngine.Core.GXNetX.NULLSYMBConstant&#39;
    Removing &#39;T:GeoEngine.Core.GXNetX.DB_ARRAY_BASETYPEConstant&#39;
    Removing &#39;T:GeoEngine.Core.GXNetX.DB_WAITConstant&#39;
    Removing &#39;T:GeoEngine.Core.GXNetX.DB_SYMB_NAME_SIZEConstant&#39;
    Removing &#39;T:GeoEngine.Core.GXNetX.DB_SYMB_TYPEConstant&#39;
    Removing &#39;T:GeoEngine.Core.GXNetX.DB_OWNConstant&#39;
    Removing &#39;T:GeoEngine.Core.GXNetX.DB_NULLConstant&#39;
    Removing &#39;T:GeoEngine.Core.GXNetX.DB_NAMEConstant&#39;
    Removing &#39;T:GeoEngine.Core.GXNetX.DB_LOCKConstant&#39;
    Removing &#39;T:GeoEngine.Core.GXNetX.DB_LINE_TYPEConstant&#39;
    Removing &#39;T:GeoEngine.Core.GXNetX.DB_LINE_SELECTConstant&#39;
    Removing &#39;T:GeoEngine.Core.GXNetX.DB_LINE_LABEL_FORMATConstant&#39;
    Removing &#39;T:GeoEngine.Core.GXNetX.DB_INFOConstant&#39;
    Removing &#39;T:GeoEngine.Core.GXNetX.DB_GROUP_CLASS_SIZEConstant&#39;
    Removing &#39;T:GeoEngine.Core.GXNetX.DB_COORDPAIRConstant&#39;
    Removing &#39;T:GeoEngine.Core.GXNetX.DB_COMPConstant&#39;
    Removing &#39;T:GeoEngine.Core.GXNetX.DB_CHAN_SYMBOLConstant&#39;
    Removing &#39;T:GeoEngine.Core.GXNetX.DB_CHAN_PROTECTIONConstant&#39;
    Removing &#39;T:GeoEngine.Core.GXNetX.DB_CHAN_FORMATConstant&#39;
    Removing &#39;T:GeoEngine.Core.GXNetX.DB_CATEGORY_USERConstant&#39;
    Removing &#39;T:GeoEngine.Core.GXNetX.DB_CATEGORY_LINEConstant&#39;
    Removing &#39;T:GeoEngine.Core.GXNetX.DB_CATEGORY_CHANConstant&#39;
    Removing &#39;T:GeoEngine.Core.GXNetX.DB_CATEGORY_BLOBConstant&#39;
    Removing &#39;T:GeoEngine.Core.GXNetX.DB_ACTIVITY_BLOBConstant&#39;
    Removing &#39;T:GeoEngine.Core.GXNetX.GIS_DMTYPEConstant&#39;
    Removing &#39;T:GeoEngine.Core.GXNetX.DAT_XGDConstant&#39;
    Removing &#39;T:GeoEngine.Core.GXNetX.DAT_FILE_FORMConstant&#39;
    Removing &#39;T:GeoEngine.Core.GXNetX.DAT_FILEConstant&#39;
    Removing &#39;T:GeoEngine.Core.GXNetX.BF_SEEKConstant&#39;
    Removing &#39;T:GeoEngine.Core.GXNetX.BF_OPEN_MODEConstant&#39;
    Removing &#39;T:GeoEngine.Core.GXNetX.BF_ENCODEConstant&#39;
    Removing &#39;T:GeoEngine.Core.GXNetX.BF_CLOSEConstant&#39;
    Removing &#39;T:GeoEngine.Core.GXNetX.BF_BYTEORDERConstant&#39;
    Removing &#39;T:GeoEngine.Core.GXNetX.AGG_RENDERConstant&#39;
    Removing &#39;T:GeoEngine.Core.GXNetX.AGG_MODELConstant&#39;
    Removing &#39;T:GeoEngine.Core.GXNetX.AGG_LAYER_ZONEConstant&#39;
    Removing &#39;T:GeoEngine.Core.GXNetX.GEO3DV_OPENConstant&#39;
    Removing &#39;T:Geosoft.Desktop.GXNetX.IntConstants&#39;
    Removing &#39;T:Geosoft.Desktop.GXNetX.Constant&#39;
    Removing &#39;T:Geosoft.Desktop.GXNetX.VVU_SRCHREPL_CASEConstant&#39;
    Removing &#39;T:Geosoft.Desktop.GXNetX.VVU_SPLConstant&#39;
    Removing &#39;T:Geosoft.Desktop.GXNetX.VVU_PRUNEConstant&#39;
    Removing &#39;T:Geosoft.Desktop.GXNetX.VVU_OFFSETConstant&#39;
    Removing &#39;T:Geosoft.Desktop.GXNetX.VVU_MODEConstant&#39;
    Removing &#39;T:Geosoft.Desktop.GXNetX.VVU_MATCHConstant&#39;
    Removing &#39;T:Geosoft.Desktop.GXNetX.VVU_MASKConstant&#39;
    Removing &#39;T:Geosoft.Desktop.GXNetX.VVU_LINEConstant&#39;
    Removing &#39;T:Geosoft.Desktop.GXNetX.VVU_INTERP_EDGEConstant&#39;
    Removing &#39;T:Geosoft.Desktop.GXNetX.VVU_INTERPConstant&#39;
    Removing &#39;T:Geosoft.Desktop.GXNetX.VVU_DUMMYREPEATConstant&#39;
    Removing &#39;T:Geosoft.Desktop.GXNetX.VVU_CLIPConstant&#39;
    Removing &#39;T:Geosoft.Desktop.GXNetX.VVU_CASEConstant&#39;
    Removing &#39;T:Geosoft.Desktop.GXNetX.VV_XYDUPConstant&#39;
    Removing &#39;T:Geosoft.Desktop.GXNetX.VV_DUPConstant&#39;
    Removing &#39;T:Geosoft.Desktop.GXNetX.TEM_ARRAYConstant&#39;
    Removing &#39;T:Geosoft.Desktop.GXNetX.QC_CRITERIONConstant&#39;
    Removing &#39;T:Geosoft.Desktop.GXNetX.VAU_PRUNEConstant&#39;
    Removing &#39;T:Geosoft.Desktop.GXNetX.UTF8Constant&#39;
    Removing &#39;T:Geosoft.Desktop.GXNetX.TRND_NODEConstant&#39;
    Removing &#39;T:Geosoft.Desktop.GXNetX.GG_ELEMENTConstant&#39;
    Removing &#39;T:Geosoft.Desktop.GXNetX.TC_SURVEYTYPEConstant&#39;
    Removing &#39;T:Geosoft.Desktop.GXNetX.TC_OPTConstant&#39;
    Removing &#39;T:Geosoft.Desktop.GXNetX.STK_GRIDConstant&#39;
    Removing &#39;T:Geosoft.Desktop.GXNetX.STK_FLAGConstant&#39;
    Removing &#39;T:Geosoft.Desktop.GXNetX.STK_AXISConstant&#39;
    Removing &#39;T:Geosoft.Desktop.GXNetX.MFCSQL_DRIVERConstant&#39;
    Removing &#39;T:Geosoft.Desktop.GXNetX.SHP_GEOM_TYPEConstant&#39;
    Removing &#39;T:Geosoft.Desktop.GXNetX.SEMPLOT_PLOTConstant&#39;
    Removing &#39;T:Geosoft.Desktop.GXNetX.SEMPLOT_EXTConstant&#39;
    Removing &#39;T:Geosoft.Desktop.GXNetX.SEMPLOT_EXPORTConstant&#39;
    Removing &#39;T:Geosoft.Desktop.GXNetX.SEMPLOT_GROUP_CLASSConstant&#39;
    Removing &#39;T:Geosoft.Desktop.GXNetX.PROJ_DISPLAYConstant&#39;
    Removing &#39;T:Geosoft.Desktop.GXNetX.TOOL_TYPEConstant&#39;
    Removing &#39;T:Geosoft.Desktop.GXNetX.COMMAND_ENVConstant&#39;
    Removing &#39;T:Geosoft.Desktop.GXNetX.PGU_INTERP_ORDERConstant&#39;
    Removing &#39;T:Geosoft.Desktop.GXNetX.PGU_TRANSConstant&#39;
    Removing &#39;T:Geosoft.Desktop.GXNetX.PGU_DIRECTIONConstant&#39;
    Removing &#39;T:Geosoft.Desktop.GXNetX.PGU_DIRECTGRIDConstant&#39;
    Removing &#39;T:Geosoft.Desktop.GXNetX.PGU_CORRConstant&#39;
    Removing &#39;T:Geosoft.Desktop.GXNetX.BLAKEY_TESTConstant&#39;
    Removing &#39;T:Geosoft.Desktop.GXNetX.MVG_WRAPConstant&#39;
    Removing &#39;T:Geosoft.Desktop.GXNetX.MVG_SCALEConstant&#39;
    Removing &#39;T:Geosoft.Desktop.GXNetX.MVG_LABEL_ORIENTConstant&#39;
    Removing &#39;T:Geosoft.Desktop.GXNetX.MVG_LABEL_JUSTConstant&#39;
    Removing &#39;T:Geosoft.Desktop.GXNetX.MVG_LABEL_BOUNDConstant&#39;
    Removing &#39;T:Geosoft.Desktop.GXNetX.MVG_GRIDConstant&#39;
    Removing &#39;T:Geosoft.Desktop.GXNetX.MVG_DRAWConstant&#39;
    Removing &#39;T:Geosoft.Desktop.GXNetX.IP_PLDP_CONVConstant&#39;
    Removing &#39;T:Geosoft.Desktop.GXNetX.IP_UBC_CONTROLConstant&#39;
    Removing &#39;T:Geosoft.Desktop.GXNetX.IP_SYSConstant&#39;
    Removing &#39;T:Geosoft.Desktop.GXNetX.IP_STNSCALEConstant&#39;
    Removing &#39;T:Geosoft.Desktop.GXNetX.IP_STACK_TYPEConstant&#39;
    Removing &#39;T:Geosoft.Desktop.GXNetX.IP_QCTYPEConstant&#39;
    Removing &#39;T:Geosoft.Desktop.GXNetX.IP_PLOTConstant&#39;
    Removing &#39;T:Geosoft.Desktop.GXNetX.IP_LINESConstant&#39;
    Removing &#39;T:Geosoft.Desktop.GXNetX.IP_I2XINVConstant&#39;
    Removing &#39;T:Geosoft.Desktop.GXNetX.IP_I2XIMPMODEConstant&#39;
    Removing &#39;T:Geosoft.Desktop.GXNetX.IP_FILTERConstant&#39;
    Removing &#39;T:Geosoft.Desktop.GXNetX.IP_DUPLICATEConstant&#39;
    Removing &#39;T:Geosoft.Desktop.GXNetX.IP_DOMAINConstant&#39;
    Removing &#39;T:Geosoft.Desktop.GXNetX.IP_CHANNELSConstant&#39;
    Removing &#39;T:Geosoft.Desktop.GXNetX.IP_ARRAYConstant&#39;
    Removing &#39;T:Geosoft.Desktop.GXNetX.XTOOL_DOCKConstant&#39;
    Removing &#39;T:Geosoft.Desktop.GXNetX.XTOOL_ALIGNConstant&#39;
    Removing &#39;T:Geosoft.Desktop.GXNetX.WINDOW_STATEConstant&#39;
    Removing &#39;T:Geosoft.Desktop.GXNetX.IMPCH_TYPEConstant&#39;
    Removing &#39;T:Geosoft.Desktop.GXNetX.GS_DIRECTORYConstant&#39;
    Removing &#39;T:Geosoft.Desktop.GXNetX.FILE_FORMConstant&#39;
    Removing &#39;T:Geosoft.Desktop.GXNetX.FILE_FILTERConstant&#39;
    Removing &#39;T:Geosoft.Desktop.GXNetX.DAT_TYPEConstant&#39;
    Removing &#39;T:Geosoft.Desktop.GXNetX.COORDSYS_MODEConstant&#39;
    Removing &#39;T:Geosoft.Desktop.GXNetX.AOI_RETURN_STATEConstant&#39;
    Removing &#39;T:Geosoft.Desktop.GXNetX.PEAKEULER_XYConstant&#39;
    Removing &#39;T:Geosoft.Desktop.GXNetX.GU_DAARC500_DATATYPEConstant&#39;
    Removing &#39;T:Geosoft.Desktop.GXNetX.EMPLATE_TXConstant&#39;
    Removing &#39;T:Geosoft.Desktop.GXNetX.EMPLATE_DOMAINConstant&#39;
    Removing &#39;T:Geosoft.Desktop.GXNetX.EM_INVConstant&#39;
    Removing &#39;T:Geosoft.Desktop.GXNetX.EM_ERRConstant&#39;
    Removing &#39;T:Geosoft.Desktop.GXNetX.GD_STATUSConstant&#39;
    Removing &#39;T:Geosoft.Desktop.GXNetX.FFT2_PGConstant&#39;
    Removing &#39;T:Geosoft.Desktop.GXNetX.FFT_DETRENDConstant&#39;
    Removing &#39;T:Geosoft.Desktop.GXNetX.EUL3_RESULTConstant&#39;
    Removing &#39;T:Geosoft.Desktop.GXNetX.EMAPTEMPLATE_WINDOW_STATEConstant&#39;
    Removing &#39;T:Geosoft.Desktop.GXNetX.EMAPTEMPLATE_WINDOW_POSITIONConstant&#39;
    Removing &#39;T:Geosoft.Desktop.GXNetX.EMAPTEMPLATE_TRACKConstant&#39;
    Removing &#39;T:Geosoft.Desktop.GXNetX.EMAPTEMPLATE_PATHConstant&#39;
    Removing &#39;T:Geosoft.Desktop.GXNetX.LAYOUT_VIEW_UNITSConstant&#39;
    Removing &#39;T:Geosoft.Desktop.GXNetX.EMAP_WINDOW_STATEConstant&#39;
    Removing &#39;T:Geosoft.Desktop.GXNetX.EMAP_WINDOW_POSITIONConstant&#39;
    Removing &#39;T:Geosoft.Desktop.GXNetX.EMAP_VIEWPORTConstant&#39;
    Removing &#39;T:Geosoft.Desktop.GXNetX.EMAP_TRACKConstant&#39;
    Removing &#39;T:Geosoft.Desktop.GXNetX.EMAP_REMOVEConstant&#39;
    Removing &#39;T:Geosoft.Desktop.GXNetX.EMAP_REDRAWConstant&#39;
    Removing &#39;T:Geosoft.Desktop.GXNetX.EMAP_PATHConstant&#39;
    Removing &#39;T:Geosoft.Desktop.GXNetX.EMAP_FONTConstant&#39;
    Removing &#39;T:Geosoft.Desktop.GXNetX.GMS2D_MODELTYPEConstant&#39;
    Removing &#39;T:Geosoft.Desktop.GXNetX.GMS3D_MODELTYPEConstant&#39;
    Removing &#39;T:Geosoft.Desktop.GXNetX.EDOC_WINDOW_STATEConstant&#39;
    Removing &#39;T:Geosoft.Desktop.GXNetX.EDOC_WINDOW_POSITIONConstant&#39;
    Removing &#39;T:Geosoft.Desktop.GXNetX.EDOC_UNLOADConstant&#39;
    Removing &#39;T:Geosoft.Desktop.GXNetX.EDOC_TYPEConstant&#39;
    Removing &#39;T:Geosoft.Desktop.GXNetX.EDOC_PATHConstant&#39;
    Removing &#39;T:Geosoft.Desktop.GXNetX.EDB_YAXIS_DIRECTIONConstant&#39;
    Removing &#39;T:Geosoft.Desktop.GXNetX.EDB_WINDOW_STATEConstant&#39;
    Removing &#39;T:Geosoft.Desktop.GXNetX.EDB_WINDOW_POSITIONConstant&#39;
    Removing &#39;T:Geosoft.Desktop.GXNetX.EDB_UNLOADConstant&#39;
    Removing &#39;T:Geosoft.Desktop.GXNetX.EDB_REMOVEConstant&#39;
    Removing &#39;T:Geosoft.Desktop.GXNetX.EDB_PROFILE_SCALEConstant&#39;
    Removing &#39;T:Geosoft.Desktop.GXNetX.EDB_PROFConstant&#39;
    Removing &#39;T:Geosoft.Desktop.GXNetX.EDB_PATHConstant&#39;
    Removing &#39;T:Geosoft.Desktop.GXNetX.MAX_PROF_WNDConstant&#39;
    Removing &#39;T:Geosoft.Desktop.GXNetX.DU_DIRECTGRID_METHODConstant&#39;
    Removing &#39;T:Geosoft.Desktop.GXNetX.DU_DISTANCE_CHANNEL_TYPEConstant&#39;
    Removing &#39;T:Geosoft.Desktop.GXNetX.QC_PLAN_TYPEConstant&#39;
    Removing &#39;T:Geosoft.Desktop.GXNetX.DU_STORAGEConstant&#39;
    Removing &#39;T:Geosoft.Desktop.GXNetX.DU_SPLITLINEConstant&#39;
    Removing &#39;T:Geosoft.Desktop.GXNetX.DU_SORTConstant&#39;
    Removing &#39;T:Geosoft.Desktop.GXNetX.DU_REFIDConstant&#39;
    Removing &#39;T:Geosoft.Desktop.GXNetX.DU_MOVEConstant&#39;
    Removing &#39;T:Geosoft.Desktop.GXNetX.DU_MODFIDConstant&#39;
    Removing &#39;T:Geosoft.Desktop.GXNetX.DU_MERGEConstant&#39;
    Removing &#39;T:Geosoft.Desktop.GXNetX.DU_MASKConstant&#39;
    Removing &#39;T:Geosoft.Desktop.GXNetX.DU_LOOKUPConstant&#39;
    Removing &#39;T:Geosoft.Desktop.GXNetX.DU_LOADLTBConstant&#39;
    Removing &#39;T:Geosoft.Desktop.GXNetX.DU_LINESConstant&#39;
    Removing &#39;T:Geosoft.Desktop.GXNetX.DU_GEODATABASE_EXPORT_TYPEConstant&#39;
    Removing &#39;T:Geosoft.Desktop.GXNetX.DU_FEATURE_TYPE_OUTPUTConstant&#39;
    Removing &#39;T:Geosoft.Desktop.GXNetX.DU_LINEOUTConstant&#39;
    Removing &#39;T:Geosoft.Desktop.GXNetX.DU_LEVELConstant&#39;
    Removing &#39;T:Geosoft.Desktop.GXNetX.DU_LAB_TYPEConstant&#39;
    Removing &#39;T:Geosoft.Desktop.GXNetX.DU_INTERP_EDGEConstant&#39;
    Removing &#39;T:Geosoft.Desktop.GXNetX.DU_INTERPConstant&#39;
    Removing &#39;T:Geosoft.Desktop.GXNetX.DU_IMPORTConstant&#39;
    Removing &#39;T:Geosoft.Desktop.GXNetX.DU_FILLConstant&#39;
    Removing &#39;T:Geosoft.Desktop.GXNetX.DU_EXPORTConstant&#39;
    Removing &#39;T:Geosoft.Desktop.GXNetX.DU_CHANNELSConstant&#39;
    Removing &#39;T:Geosoft.Desktop.GXNetX.DB_DUPEDITConstant&#39;
    Removing &#39;T:Geosoft.Desktop.GXNetX.DB_DUPConstant&#39;
    Removing &#39;T:Geosoft.Desktop.GXNetX.DOCU_OPENConstant&#39;
    Removing &#39;T:Geosoft.Desktop.GXNetX.DIP_CONVENTIONConstant&#39;
    Removing &#39;T:Geosoft.Desktop.GXNetX.DH_SURFACEConstant&#39;
    Removing &#39;T:Geosoft.Desktop.GXNetX.DH_SECT_PAGEConstant&#39;
    Removing &#39;T:Geosoft.Desktop.GXNetX.DH_PLOTConstant&#39;
    Removing &#39;T:Geosoft.Desktop.GXNetX.DH_MASKConstant&#39;
    Removing &#39;T:Geosoft.Desktop.GXNetX.DH_HOLESConstant&#39;
    Removing &#39;T:Geosoft.Desktop.GXNetX.DH_EXPConstant&#39;
    Removing &#39;T:Geosoft.Desktop.GXNetX.DH_DEFINE_SECTConstant&#39;
    Removing &#39;T:Geosoft.Desktop.GXNetX.DH_DEFINE_PLANConstant&#39;
    Removing &#39;T:Geosoft.Desktop.GXNetX.DH_DATAConstant&#39;
    Removing &#39;T:Geosoft.Desktop.GXNetX.DH_COMPSTDB_INTSELConstant&#39;
    Removing &#39;T:Geosoft.Desktop.GXNetX.DH_COMPSTDB_HOLSELConstant&#39;
    Removing &#39;T:Geosoft.Desktop.GXNetX.DH_COMP_CHOICEConstant&#39;
    Removing &#39;T:Geosoft.Desktop.GXNetX.STR_DH_HOLESConstant&#39;
    Removing &#39;T:Geosoft.Desktop.GXNetX.DH_DEFAULT_FILENAMESConstant&#39;
    Removing &#39;T:Geosoft.Desktop.GXNetX.DGW_OBJECTConstant&#39;
    Removing &#39;T:Geosoft.Desktop.GXNetX.CSYMB_COLORConstant&#39;
    Removing &#39;T:Geosoft.Desktop.GXNetX.COM_STOPBITSConstant&#39;
    Removing &#39;T:Geosoft.Desktop.GXNetX.COM_PARITYConstant&#39;
    Removing &#39;T:Geosoft.Desktop.GXNetX.COM_FLOWCONTROLConstant&#39;
    Removing &#39;T:Geosoft.Desktop.GXNetX.COM_DATASIZEConstant&#39;
    Removing &#39;T:Geosoft.Desktop.GXNetX.COM_BAUDConstant&#39;
    Removing &#39;T:Geosoft.Desktop.GXNetX.CHIMERA_PLOTConstant&#39;
    Removing &#39;T:Geosoft.Desktop.GXNetX.CHIMERA_MAX_CHANConstant&#39;
    Removing &#39;T:Geosoft.Desktop.GXNetX.ARCMAP_LOAD_FLAGSConstant&#39;
    Removing &#39;T:Geosoft.Desktop.GXNetX.ARCDB_NULLConstant&#39;
    Removing &#39;T:Geosoft.Desktop.GXNetX.ARC_SELTBL_TYPEConstant&#39;
    Removing &#39;T:Geosoft.Desktop.GXNetX.ACQUIRE_SELConstant&#39;
</plugIn>    Last step completed in 00:00:01.8907
</buildStep>
<buildStep step="CreateBuildAssemblerConfigs">
Creating Sandcastle configuration files...
    sandcastle.config
    conceptual.config
    Last step completed in 00:00:00.7813
</buildStep>
<buildStep step="MergeCustomConfigs">
Merging custom build component configurations
M:\jobs\FULLBUILD-RELEASE4-GET\api\build\gx_redist\gh_pages\dotnet\GXNetX\Working\sandcastle.config
M:\jobs\FULLBUILD-RELEASE4-GET\api\build\gx_redist\gh_pages\dotnet\GXNetX\Working\conceptual.config
    Removing unused ExampleComponent.
    Last step completed in 00:00:00.1250
</buildStep>
<buildStep step="BuildConceptualTopics">
Building conceptual help topics...
[C:\Program Files (x86)\Microsoft Visual Studio\2017\Enterprise\MSBuild\15.0\bin\amd64\MSBuild.exe]
Build started 11/12/2018 4:22:23 PM.
Project &quot;M:\jobs\FULLBUILD-RELEASE4-GET\api\build\gx_redist\gh_pages\dotnet\GXNetX\Working\BuildConceptualTopics.proj&quot; on node 1 (default targets).
BuildConceptualTopics:
  BuildAssembler (v2015.1.12.0)
  Copyright c 2006-2015, Microsoft Corporation, All Rights Reserved.
  Portions Copyright c 2006-2014, Eric Woodruff, All Rights Reserved.
  Loading configuration...
  Processing topics...
  Processed 2 topic(s)
  CopyFromIndexComponent: &quot;metadata&quot; in-memory cache entries used: 1 of 15.
Done Building Project &quot;M:\jobs\FULLBUILD-RELEASE4-GET\api\build\gx_redist\gh_pages\dotnet\GXNetX\Working\BuildConceptualTopics.proj&quot; (default targets).
    Last step completed in 00:00:07.2815
</buildStep>
<buildStep step="BuildReferenceTopics">
Building reference help topics...
[C:\Program Files (x86)\Microsoft Visual Studio\2017\Enterprise\MSBuild\15.0\bin\amd64\MSBuild.exe]
Build started 11/12/2018 4:22:30 PM.
Project &quot;M:\jobs\FULLBUILD-RELEASE4-GET\api\build\gx_redist\gh_pages\dotnet\GXNetX\Working\BuildReferenceTopics.proj&quot; on node 1 (default targets).
BuildReferenceTopics:
  BuildAssembler (v2015.1.12.0)
  Copyright c 2006-2015, Microsoft Corporation, All Rights Reserved.
  Portions Copyright c 2006-2014, Eric Woodruff, All Rights Reserved.
  Loading configuration...
  Processing topics...
BuildAssembler : warning : ResolveReferenceLinksComponent: [M:GeoEngine.Core.GXNetX.CGXNETCore.GetByteVM(GeoEngine.Core.GXNetX.CVM,System.Int32)] Unknown reference link target &#39;T:GeoEngine.Core.GXNet.ByteVector&#39;. [M:\jobs\FULLBUILD-RELEASE4-GET\api\build\gx_redist\gh_pages\dotnet\GXNetX\Working\BuildReferenceTopics.proj]
BuildAssembler : warning : ResolveReferenceLinksComponent: [M:GeoEngine.Core.GXNetX.CGXNETCore.GetByteVV(GeoEngine.Core.GXNetX.CVV,System.Int32)] Unknown reference link target &#39;T:GeoEngine.Core.GXNet.ByteVector&#39;. [M:\jobs\FULLBUILD-RELEASE4-GET\api\build\gx_redist\gh_pages\dotnet\GXNetX\Working\BuildReferenceTopics.proj]
BuildAssembler : warning : ResolveReferenceLinksComponent: [M:GeoEngine.Core.GXNetX.CGXNETCore.GetDoubleVM(GeoEngine.Core.GXNetX.CVM,System.Int32)] Unknown reference link target &#39;T:GeoEngine.Core.GXNet.DoubleVector&#39;. [M:\jobs\FULLBUILD-RELEASE4-GET\api\build\gx_redist\gh_pages\dotnet\GXNetX\Working\BuildReferenceTopics.proj]
BuildAssembler : warning : ResolveReferenceLinksComponent: [M:GeoEngine.Core.GXNetX.CGXNETCore.GetDoubleVV(GeoEngine.Core.GXNetX.CVV,System.Int32)] Unknown reference link target &#39;T:GeoEngine.Core.GXNet.DoubleVector&#39;. [M:\jobs\FULLBUILD-RELEASE4-GET\api\build\gx_redist\gh_pages\dotnet\GXNetX\Working\BuildReferenceTopics.proj]
BuildAssembler : warning : ResolveReferenceLinksComponent: [M:GeoEngine.Core.GXNetX.CGXNETCore.GetFloatVM(GeoEngine.Core.GXNetX.CVM,System.Int32)] Unknown reference link target &#39;T:GeoEngine.Core.GXNet.FloatVector&#39;. [M:\jobs\FULLBUILD-RELEASE4-GET\api\build\gx_redist\gh_pages\dotnet\GXNetX\Working\BuildReferenceTopics.proj]
BuildAssembler : warning : ResolveReferenceLinksComponent: [M:GeoEngine.Core.GXNetX.CGXNETCore.GetFloatVV(GeoEngine.Core.GXNetX.CVV,System.Int32)] Unknown reference link target &#39;T:GeoEngine.Core.GXNet.FloatVector&#39;. [M:\jobs\FULLBUILD-RELEASE4-GET\api\build\gx_redist\gh_pages\dotnet\GXNetX\Working\BuildReferenceTopics.proj]
BuildAssembler : warning : ResolveReferenceLinksComponent: [M:GeoEngine.Core.GXNetX.CGXNETCore.GetIntVM(GeoEngine.Core.GXNetX.CVM,System.Int32)] Unknown reference link target &#39;T:GeoEngine.Core.GXNet.IntVector&#39;. [M:\jobs\FULLBUILD-RELEASE4-GET\api\build\gx_redist\gh_pages\dotnet\GXNetX\Working\BuildReferenceTopics.proj]
BuildAssembler : warning : ResolveReferenceLinksComponent: [M:GeoEngine.Core.GXNetX.CGXNETCore.GetIntVV(GeoEngine.Core.GXNetX.CVV,System.Int32)] Unknown reference link target &#39;T:GeoEngine.Core.GXNet.IntVector&#39;. [M:\jobs\FULLBUILD-RELEASE4-GET\api\build\gx_redist\gh_pages\dotnet\GXNetX\Working\BuildReferenceTopics.proj]
BuildAssembler : warning : ResolveReferenceLinksComponent: [M:GeoEngine.Core.GXNetX.CGXNETCore.GetShortVM(GeoEngine.Core.GXNetX.CVM,System.Int32)] Unknown reference link target &#39;T:GeoEngine.Core.GXNet.ShortVector&#39;. [M:\jobs\FULLBUILD-RELEASE4-GET\api\build\gx_redist\gh_pages\dotnet\GXNetX\Working\BuildReferenceTopics.proj]
BuildAssembler : warning : ResolveReferenceLinksComponent: [M:GeoEngine.Core.GXNetX.CGXNETCore.GetShortVV(GeoEngine.Core.GXNetX.CVV,System.Int32)] Unknown reference link target &#39;T:GeoEngine.Core.GXNet.ShortVector&#39;. [M:\jobs\FULLBUILD-RELEASE4-GET\api\build\gx_redist\gh_pages\dotnet\GXNetX\Working\BuildReferenceTopics.proj]
BuildAssembler : warning : ResolveReferenceLinksComponent: [M:GeoEngine.Core.GXNetX.CGXNETCore.GetUShortVM(GeoEngine.Core.GXNetX.CVM,System.Int32)] Unknown reference link target &#39;T:GeoEngine.Core.GXNet.UShortVector&#39;. [M:\jobs\FULLBUILD-RELEASE4-GET\api\build\gx_redist\gh_pages\dotnet\GXNetX\Working\BuildReferenceTopics.proj]
BuildAssembler : warning : ResolveReferenceLinksComponent: [M:GeoEngine.Core.GXNetX.CGXNETCore.GetUShortVV(GeoEngine.Core.GXNetX.CVV,System.Int32)] Unknown reference link target &#39;T:GeoEngine.Core.GXNet.UShortVector&#39;. [M:\jobs\FULLBUILD-RELEASE4-GET\api\build\gx_redist\gh_pages\dotnet\GXNetX\Working\BuildReferenceTopics.proj]
BuildAssembler : warning : ResolveReferenceLinksComponent: [M:GeoEngine.Core.GXNetX.CGXNETCore.iCheckError] The target attribute is missing or has no value.  You have most likely omitted a cref attribute or left it blank on an XML comments element such as see, seealso, or exception. [M:\jobs\FULLBUILD-RELEASE4-GET\api\build\gx_redist\gh_pages\dotnet\GXNetX\Working\BuildReferenceTopics.proj]
BuildAssembler : warning : ResolveReferenceLinksComponent: [M:GeoEngine.Core.GXNetX.CGXNETCore.sCheckTerminate] The target attribute is missing or has no value.  You have most likely omitted a cref attribute or left it blank on an XML comments element such as see, seealso, or exception. [M:\jobs\FULLBUILD-RELEASE4-GET\api\build\gx_redist\gh_pages\dotnet\GXNetX\Working\BuildReferenceTopics.proj]
BuildAssembler : warning : ResolveReferenceLinksComponent: [M:GeoEngine.Core.GXNetX.CGXNETCore.sGetError(System.String@,System.String@,System.Int32@)] The target attribute is missing or has no value.  You have most likely omitted a cref attribute or left it blank on an XML comments element such as see, seealso, or exception. [M:\jobs\FULLBUILD-RELEASE4-GET\api\build\gx_redist\gh_pages\dotnet\GXNetX\Working\BuildReferenceTopics.proj]
BuildAssembler : warning : ResolveReferenceLinksComponent: [M:GeoEngine.Core.GXNetX.CGXNETCore.ShowError] The target attribute is missing or has no value.  You have most likely omitted a cref attribute or left it blank on an XML comments element such as see, seealso, or exception. [M:\jobs\FULLBUILD-RELEASE4-GET\api\build\gx_redist\gh_pages\dotnet\GXNetX\Working\BuildReferenceTopics.proj]
BuildAssembler : warning : ResolveReferenceLinksComponent: [T:GeoEngine.Core.GXNetX.Windows.ToolControl] Unknown reference link target &#39;!:M:Geosoft.Desktop.GXNetX.CGUI.LaunchGeoDOTNETXTool&#39;. [M:\jobs\FULLBUILD-RELEASE4-GET\api\build\gx_redist\gh_pages\dotnet\GXNetX\Working\BuildReferenceTopics.proj]
BuildAssembler : warning : ResolveReferenceLinksComponent: [T:GeoEngine.Core.GXNetX.Windows.ToolControl] Invalid reference link target &#39;!:M:Geosoft.Desktop.GXNetX.CGUI.LaunchGeoDOTNETXTool&#39;. [M:\jobs\FULLBUILD-RELEASE4-GET\api\build\gx_redist\gh_pages\dotnet\GXNetX\Working\BuildReferenceTopics.proj]
  Processed 8252 topic(s)
  18 warning(s)
  CopyFromIndexComponent: &quot;reflection&quot; in-memory cache entries used: 4 of 15.
  CopyFromIndexComponent: &quot;comments&quot; in-memory cache entries used: 2 of 30.
Done Building Project &quot;M:\jobs\FULLBUILD-RELEASE4-GET\api\build\gx_redist\gh_pages\dotnet\GXNetX\Working\BuildReferenceTopics.proj&quot; (default targets).
    Last step completed in 00:01:15.6750
</buildStep>
<buildStep step="CombiningIntermediateTocFiles">
Combining conceptual and API intermediate TOC files...

Clearing any prior web output
    Last step completed in 00:00:00.0156
</buildStep>
<buildStep step="ExtractingHtmlInfo">
Extracting HTML info for HTML Help 1 and/or website...
[C:\Program Files (x86)\Microsoft Visual Studio\2017\Enterprise\MSBuild\15.0\bin\amd64\MSBuild.exe]
Sandcastle Help File Builder, version 2015.1.12.0
Copyright c 2006-2015, Eric Woodruff, All Rights Reserved
E-Mail: Eric@EWoodruff.us

Using LCID &#39;1033&#39;, code page &#39;65001&#39;, encoding charset &#39;UTF-8&#39;.

Processing website files in M:\jobs\FULLBUILD-RELEASE4-GET\api\build\gx_redist\gh_pages\dotnet\GXNetX\Working\Output\Website
Processed 8254 HTML files
Sorting keywords and generating See Also indices
Saving website keyword index to M:\jobs\FULLBUILD-RELEASE4-GET\api\build\gx_redist\gh_pages\dotnet\GXNetX\Working\WebKI.xml
Saving website table of contents to M:\jobs\FULLBUILD-RELEASE4-GET\api\build\gx_redist\gh_pages\dotnet\GXNetX\Working\WebTOC.xml
    Last step completed in 00:00:22.0322
</buildStep>
<buildStep step="CopyStandardHelpContent">
Copying standard help content...
M:\jobs\FULLBUILD-RELEASE4-GET\api\gx\doc\Geosoft.Sandcastle\Release\icons\AlertCaution.png -&gt; M:\jobs\FULLBUILD-RELEASE4-GET\api\build\gx_redist\gh_pages\dotnet\GXNetX\Working\Output\Website\icons\AlertCaution.png
M:\jobs\FULLBUILD-RELEASE4-GET\api\gx\doc\Geosoft.Sandcastle\Release\icons\AlertNote.png -&gt; M:\jobs\FULLBUILD-RELEASE4-GET\api\build\gx_redist\gh_pages\dotnet\GXNetX\Working\Output\Website\icons\AlertNote.png
M:\jobs\FULLBUILD-RELEASE4-GET\api\gx\doc\Geosoft.Sandcastle\Release\icons\AlertSecurity.png -&gt; M:\jobs\FULLBUILD-RELEASE4-GET\api\build\gx_redist\gh_pages\dotnet\GXNetX\Working\Output\Website\icons\AlertSecurity.png
M:\jobs\FULLBUILD-RELEASE4-GET\api\gx\doc\Geosoft.Sandcastle\Release\icons\app.gif -&gt; M:\jobs\FULLBUILD-RELEASE4-GET\api\build\gx_redist\gh_pages\dotnet\GXNetX\Working\Output\Website\icons\app.gif
M:\jobs\FULLBUILD-RELEASE4-GET\api\gx\doc\Geosoft.Sandcastle\Release\icons\CFW.gif -&gt; M:\jobs\FULLBUILD-RELEASE4-GET\api\build\gx_redist\gh_pages\dotnet\GXNetX\Working\Output\Website\icons\CFW.gif
M:\jobs\FULLBUILD-RELEASE4-GET\api\gx\doc\Geosoft.Sandcastle\Release\icons\CodeExample.png -&gt; M:\jobs\FULLBUILD-RELEASE4-GET\api\build\gx_redist\gh_pages\dotnet\GXNetX\Working\Output\Website\icons\CodeExample.png
M:\jobs\FULLBUILD-RELEASE4-GET\api\gx\doc\Geosoft.Sandcastle\Release\icons\favicon.ico -&gt; M:\jobs\FULLBUILD-RELEASE4-GET\api\build\gx_redist\gh_pages\dotnet\GXNetX\Working\Output\Website\icons\favicon.ico
M:\jobs\FULLBUILD-RELEASE4-GET\api\gx\doc\Geosoft.Sandcastle\Release\icons\locked.gif -&gt; M:\jobs\FULLBUILD-RELEASE4-GET\api\build\gx_redist\gh_pages\dotnet\GXNetX\Working\Output\Website\icons\locked.gif
M:\jobs\FULLBUILD-RELEASE4-GET\api\gx\doc\Geosoft.Sandcastle\Release\icons\locked_ext.gif -&gt; M:\jobs\FULLBUILD-RELEASE4-GET\api\build\gx_redist\gh_pages\dotnet\GXNetX\Working\Output\Website\icons\locked_ext.gif
M:\jobs\FULLBUILD-RELEASE4-GET\api\gx\doc\Geosoft.Sandcastle\Release\icons\privclass.gif -&gt; M:\jobs\FULLBUILD-RELEASE4-GET\api\build\gx_redist\gh_pages\dotnet\GXNetX\Working\Output\Website\icons\privclass.gif
M:\jobs\FULLBUILD-RELEASE4-GET\api\gx\doc\Geosoft.Sandcastle\Release\icons\privdelegate.gif -&gt; M:\jobs\FULLBUILD-RELEASE4-GET\api\build\gx_redist\gh_pages\dotnet\GXNetX\Working\Output\Website\icons\privdelegate.gif
M:\jobs\FULLBUILD-RELEASE4-GET\api\gx\doc\Geosoft.Sandcastle\Release\icons\privenumeration.gif -&gt; M:\jobs\FULLBUILD-RELEASE4-GET\api\build\gx_redist\gh_pages\dotnet\GXNetX\Working\Output\Website\icons\privenumeration.gif
M:\jobs\FULLBUILD-RELEASE4-GET\api\gx\doc\Geosoft.Sandcastle\Release\icons\privevent.gif -&gt; M:\jobs\FULLBUILD-RELEASE4-GET\api\build\gx_redist\gh_pages\dotnet\GXNetX\Working\Output\Website\icons\privevent.gif
M:\jobs\FULLBUILD-RELEASE4-GET\api\gx\doc\Geosoft.Sandcastle\Release\icons\privextension.gif -&gt; M:\jobs\FULLBUILD-RELEASE4-GET\api\build\gx_redist\gh_pages\dotnet\GXNetX\Working\Output\Website\icons\privextension.gif
M:\jobs\FULLBUILD-RELEASE4-GET\api\gx\doc\Geosoft.Sandcastle\Release\icons\privfield.gif -&gt; M:\jobs\FULLBUILD-RELEASE4-GET\api\build\gx_redist\gh_pages\dotnet\GXNetX\Working\Output\Website\icons\privfield.gif
M:\jobs\FULLBUILD-RELEASE4-GET\api\gx\doc\Geosoft.Sandcastle\Release\icons\privinterface.gif -&gt; M:\jobs\FULLBUILD-RELEASE4-GET\api\build\gx_redist\gh_pages\dotnet\GXNetX\Working\Output\Website\icons\privinterface.gif
M:\jobs\FULLBUILD-RELEASE4-GET\api\gx\doc\Geosoft.Sandcastle\Release\icons\privmethod.gif -&gt; M:\jobs\FULLBUILD-RELEASE4-GET\api\build\gx_redist\gh_pages\dotnet\GXNetX\Working\Output\Website\icons\privmethod.gif
M:\jobs\FULLBUILD-RELEASE4-GET\api\gx\doc\Geosoft.Sandcastle\Release\icons\privproperty.gif -&gt; M:\jobs\FULLBUILD-RELEASE4-GET\api\build\gx_redist\gh_pages\dotnet\GXNetX\Working\Output\Website\icons\privproperty.gif
M:\jobs\FULLBUILD-RELEASE4-GET\api\gx\doc\Geosoft.Sandcastle\Release\icons\privstructure.gif -&gt; M:\jobs\FULLBUILD-RELEASE4-GET\api\build\gx_redist\gh_pages\dotnet\GXNetX\Working\Output\Website\icons\privstructure.gif
M:\jobs\FULLBUILD-RELEASE4-GET\api\gx\doc\Geosoft.Sandcastle\Release\icons\protclass.gif -&gt; M:\jobs\FULLBUILD-RELEASE4-GET\api\build\gx_redist\gh_pages\dotnet\GXNetX\Working\Output\Website\icons\protclass.gif
M:\jobs\FULLBUILD-RELEASE4-GET\api\gx\doc\Geosoft.Sandcastle\Release\icons\protdelegate.gif -&gt; M:\jobs\FULLBUILD-RELEASE4-GET\api\build\gx_redist\gh_pages\dotnet\GXNetX\Working\Output\Website\icons\protdelegate.gif
M:\jobs\FULLBUILD-RELEASE4-GET\api\gx\doc\Geosoft.Sandcastle\Release\icons\protenumeration.gif -&gt; M:\jobs\FULLBUILD-RELEASE4-GET\api\build\gx_redist\gh_pages\dotnet\GXNetX\Working\Output\Website\icons\protenumeration.gif
M:\jobs\FULLBUILD-RELEASE4-GET\api\gx\doc\Geosoft.Sandcastle\Release\icons\protevent.gif -&gt; M:\jobs\FULLBUILD-RELEASE4-GET\api\build\gx_redist\gh_pages\dotnet\GXNetX\Working\Output\Website\icons\protevent.gif
M:\jobs\FULLBUILD-RELEASE4-GET\api\gx\doc\Geosoft.Sandcastle\Release\icons\protextension.gif -&gt; M:\jobs\FULLBUILD-RELEASE4-GET\api\build\gx_redist\gh_pages\dotnet\GXNetX\Working\Output\Website\icons\protextension.gif
M:\jobs\FULLBUILD-RELEASE4-GET\api\gx\doc\Geosoft.Sandcastle\Release\icons\protfield.gif -&gt; M:\jobs\FULLBUILD-RELEASE4-GET\api\build\gx_redist\gh_pages\dotnet\GXNetX\Working\Output\Website\icons\protfield.gif
M:\jobs\FULLBUILD-RELEASE4-GET\api\gx\doc\Geosoft.Sandcastle\Release\icons\protinterface.gif -&gt; M:\jobs\FULLBUILD-RELEASE4-GET\api\build\gx_redist\gh_pages\dotnet\GXNetX\Working\Output\Website\icons\protinterface.gif
M:\jobs\FULLBUILD-RELEASE4-GET\api\gx\doc\Geosoft.Sandcastle\Release\icons\protmethod.gif -&gt; M:\jobs\FULLBUILD-RELEASE4-GET\api\build\gx_redist\gh_pages\dotnet\GXNetX\Working\Output\Website\icons\protmethod.gif
M:\jobs\FULLBUILD-RELEASE4-GET\api\gx\doc\Geosoft.Sandcastle\Release\icons\protoperator.gif -&gt; M:\jobs\FULLBUILD-RELEASE4-GET\api\build\gx_redist\gh_pages\dotnet\GXNetX\Working\Output\Website\icons\protoperator.gif
M:\jobs\FULLBUILD-RELEASE4-GET\api\gx\doc\Geosoft.Sandcastle\Release\icons\protproperty.gif -&gt; M:\jobs\FULLBUILD-RELEASE4-GET\api\build\gx_redist\gh_pages\dotnet\GXNetX\Working\Output\Website\icons\protproperty.gif
M:\jobs\FULLBUILD-RELEASE4-GET\api\gx\doc\Geosoft.Sandcastle\Release\icons\protstructure.gif -&gt; M:\jobs\FULLBUILD-RELEASE4-GET\api\build\gx_redist\gh_pages\dotnet\GXNetX\Working\Output\Website\icons\protstructure.gif
M:\jobs\FULLBUILD-RELEASE4-GET\api\gx\doc\Geosoft.Sandcastle\Release\icons\pubclass.gif -&gt; M:\jobs\FULLBUILD-RELEASE4-GET\api\build\gx_redist\gh_pages\dotnet\GXNetX\Working\Output\Website\icons\pubclass.gif
M:\jobs\FULLBUILD-RELEASE4-GET\api\gx\doc\Geosoft.Sandcastle\Release\icons\pubdelegate.gif -&gt; M:\jobs\FULLBUILD-RELEASE4-GET\api\build\gx_redist\gh_pages\dotnet\GXNetX\Working\Output\Website\icons\pubdelegate.gif
M:\jobs\FULLBUILD-RELEASE4-GET\api\gx\doc\Geosoft.Sandcastle\Release\icons\pubenumeration.gif -&gt; M:\jobs\FULLBUILD-RELEASE4-GET\api\build\gx_redist\gh_pages\dotnet\GXNetX\Working\Output\Website\icons\pubenumeration.gif
M:\jobs\FULLBUILD-RELEASE4-GET\api\gx\doc\Geosoft.Sandcastle\Release\icons\pubevent.gif -&gt; M:\jobs\FULLBUILD-RELEASE4-GET\api\build\gx_redist\gh_pages\dotnet\GXNetX\Working\Output\Website\icons\pubevent.gif
M:\jobs\FULLBUILD-RELEASE4-GET\api\gx\doc\Geosoft.Sandcastle\Release\icons\pubextension.gif -&gt; M:\jobs\FULLBUILD-RELEASE4-GET\api\build\gx_redist\gh_pages\dotnet\GXNetX\Working\Output\Website\icons\pubextension.gif
M:\jobs\FULLBUILD-RELEASE4-GET\api\gx\doc\Geosoft.Sandcastle\Release\icons\pubfield.gif -&gt; M:\jobs\FULLBUILD-RELEASE4-GET\api\build\gx_redist\gh_pages\dotnet\GXNetX\Working\Output\Website\icons\pubfield.gif
M:\jobs\FULLBUILD-RELEASE4-GET\api\gx\doc\Geosoft.Sandcastle\Release\icons\pubinterface.gif -&gt; M:\jobs\FULLBUILD-RELEASE4-GET\api\build\gx_redist\gh_pages\dotnet\GXNetX\Working\Output\Website\icons\pubinterface.gif
M:\jobs\FULLBUILD-RELEASE4-GET\api\gx\doc\Geosoft.Sandcastle\Release\icons\pubmethod.gif -&gt; M:\jobs\FULLBUILD-RELEASE4-GET\api\build\gx_redist\gh_pages\dotnet\GXNetX\Working\Output\Website\icons\pubmethod.gif
M:\jobs\FULLBUILD-RELEASE4-GET\api\gx\doc\Geosoft.Sandcastle\Release\icons\puboperator.gif -&gt; M:\jobs\FULLBUILD-RELEASE4-GET\api\build\gx_redist\gh_pages\dotnet\GXNetX\Working\Output\Website\icons\puboperator.gif
M:\jobs\FULLBUILD-RELEASE4-GET\api\gx\doc\Geosoft.Sandcastle\Release\icons\pubproperty.gif -&gt; M:\jobs\FULLBUILD-RELEASE4-GET\api\build\gx_redist\gh_pages\dotnet\GXNetX\Working\Output\Website\icons\pubproperty.gif
M:\jobs\FULLBUILD-RELEASE4-GET\api\gx\doc\Geosoft.Sandcastle\Release\icons\pubstructure.gif -&gt; M:\jobs\FULLBUILD-RELEASE4-GET\api\build\gx_redist\gh_pages\dotnet\GXNetX\Working\Output\Website\icons\pubstructure.gif
M:\jobs\FULLBUILD-RELEASE4-GET\api\gx\doc\Geosoft.Sandcastle\Release\icons\SectionCollapsed.png -&gt; M:\jobs\FULLBUILD-RELEASE4-GET\api\build\gx_redist\gh_pages\dotnet\GXNetX\Working\Output\Website\icons\SectionCollapsed.png
M:\jobs\FULLBUILD-RELEASE4-GET\api\gx\doc\Geosoft.Sandcastle\Release\icons\SectionExpanded.png -&gt; M:\jobs\FULLBUILD-RELEASE4-GET\api\build\gx_redist\gh_pages\dotnet\GXNetX\Working\Output\Website\icons\SectionExpanded.png
M:\jobs\FULLBUILD-RELEASE4-GET\api\gx\doc\Geosoft.Sandcastle\Release\icons\slMobile.gif -&gt; M:\jobs\FULLBUILD-RELEASE4-GET\api\build\gx_redist\gh_pages\dotnet\GXNetX\Working\Output\Website\icons\slMobile.gif
M:\jobs\FULLBUILD-RELEASE4-GET\api\gx\doc\Geosoft.Sandcastle\Release\icons\static.gif -&gt; M:\jobs\FULLBUILD-RELEASE4-GET\api\build\gx_redist\gh_pages\dotnet\GXNetX\Working\Output\Website\icons\static.gif
M:\jobs\FULLBUILD-RELEASE4-GET\api\gx\doc\Geosoft.Sandcastle\Release\icons\unlocked.gif -&gt; M:\jobs\FULLBUILD-RELEASE4-GET\api\build\gx_redist\gh_pages\dotnet\GXNetX\Working\Output\Website\icons\unlocked.gif
M:\jobs\FULLBUILD-RELEASE4-GET\api\gx\doc\Geosoft.Sandcastle\Release\icons\xna.gif -&gt; M:\jobs\FULLBUILD-RELEASE4-GET\api\build\gx_redist\gh_pages\dotnet\GXNetX\Working\Output\Website\icons\xna.gif
M:\jobs\FULLBUILD-RELEASE4-GET\api\gx\doc\Geosoft.Sandcastle\Release\scripts\branding.js -&gt; M:\jobs\FULLBUILD-RELEASE4-GET\api\build\gx_redist\gh_pages\dotnet\GXNetX\Working\Output\Website\scripts\branding.js
M:\jobs\FULLBUILD-RELEASE4-GET\api\gx\doc\Geosoft.Sandcastle\Release\styles\branding-cs-CZ.css -&gt; M:\jobs\FULLBUILD-RELEASE4-GET\api\build\gx_redist\gh_pages\dotnet\GXNetX\Working\Output\Website\styles\branding-cs-CZ.css
M:\jobs\FULLBUILD-RELEASE4-GET\api\gx\doc\Geosoft.Sandcastle\Release\styles\branding-de-DE.css -&gt; M:\jobs\FULLBUILD-RELEASE4-GET\api\build\gx_redist\gh_pages\dotnet\GXNetX\Working\Output\Website\styles\branding-de-DE.css
M:\jobs\FULLBUILD-RELEASE4-GET\api\gx\doc\Geosoft.Sandcastle\Release\styles\branding-en-US.css -&gt; M:\jobs\FULLBUILD-RELEASE4-GET\api\build\gx_redist\gh_pages\dotnet\GXNetX\Working\Output\Website\styles\branding-en-US.css
M:\jobs\FULLBUILD-RELEASE4-GET\api\gx\doc\Geosoft.Sandcastle\Release\styles\branding-es-ES.css -&gt; M:\jobs\FULLBUILD-RELEASE4-GET\api\build\gx_redist\gh_pages\dotnet\GXNetX\Working\Output\Website\styles\branding-es-ES.css
M:\jobs\FULLBUILD-RELEASE4-GET\api\gx\doc\Geosoft.Sandcastle\Release\styles\branding-fr-FR.css -&gt; M:\jobs\FULLBUILD-RELEASE4-GET\api\build\gx_redist\gh_pages\dotnet\GXNetX\Working\Output\Website\styles\branding-fr-FR.css
M:\jobs\FULLBUILD-RELEASE4-GET\api\gx\doc\Geosoft.Sandcastle\Release\styles\branding-Help1.css -&gt; M:\jobs\FULLBUILD-RELEASE4-GET\api\build\gx_redist\gh_pages\dotnet\GXNetX\Working\Output\Website\styles\branding-Help1.css
M:\jobs\FULLBUILD-RELEASE4-GET\api\gx\doc\Geosoft.Sandcastle\Release\styles\branding-Help2.css -&gt; M:\jobs\FULLBUILD-RELEASE4-GET\api\build\gx_redist\gh_pages\dotnet\GXNetX\Working\Output\Website\styles\branding-Help2.css
M:\jobs\FULLBUILD-RELEASE4-GET\api\gx\doc\Geosoft.Sandcastle\Release\styles\branding-HelpViewer.css -&gt; M:\jobs\FULLBUILD-RELEASE4-GET\api\build\gx_redist\gh_pages\dotnet\GXNetX\Working\Output\Website\styles\branding-HelpViewer.css
M:\jobs\FULLBUILD-RELEASE4-GET\api\gx\doc\Geosoft.Sandcastle\Release\styles\branding-it-IT.css -&gt; M:\jobs\FULLBUILD-RELEASE4-GET\api\build\gx_redist\gh_pages\dotnet\GXNetX\Working\Output\Website\styles\branding-it-IT.css
M:\jobs\FULLBUILD-RELEASE4-GET\api\gx\doc\Geosoft.Sandcastle\Release\styles\branding-ja-JP.css -&gt; M:\jobs\FULLBUILD-RELEASE4-GET\api\build\gx_redist\gh_pages\dotnet\GXNetX\Working\Output\Website\styles\branding-ja-JP.css
M:\jobs\FULLBUILD-RELEASE4-GET\api\gx\doc\Geosoft.Sandcastle\Release\styles\branding-ko-KR.css -&gt; M:\jobs\FULLBUILD-RELEASE4-GET\api\build\gx_redist\gh_pages\dotnet\GXNetX\Working\Output\Website\styles\branding-ko-KR.css
M:\jobs\FULLBUILD-RELEASE4-GET\api\gx\doc\Geosoft.Sandcastle\Release\styles\branding-pl-PL.css -&gt; M:\jobs\FULLBUILD-RELEASE4-GET\api\build\gx_redist\gh_pages\dotnet\GXNetX\Working\Output\Website\styles\branding-pl-PL.css
M:\jobs\FULLBUILD-RELEASE4-GET\api\gx\doc\Geosoft.Sandcastle\Release\styles\branding-pt-BR.css -&gt; M:\jobs\FULLBUILD-RELEASE4-GET\api\build\gx_redist\gh_pages\dotnet\GXNetX\Working\Output\Website\styles\branding-pt-BR.css
M:\jobs\FULLBUILD-RELEASE4-GET\api\gx\doc\Geosoft.Sandcastle\Release\styles\branding-ru-RU.css -&gt; M:\jobs\FULLBUILD-RELEASE4-GET\api\build\gx_redist\gh_pages\dotnet\GXNetX\Working\Output\Website\styles\branding-ru-RU.css
M:\jobs\FULLBUILD-RELEASE4-GET\api\gx\doc\Geosoft.Sandcastle\Release\styles\branding-tr-TR.css -&gt; M:\jobs\FULLBUILD-RELEASE4-GET\api\build\gx_redist\gh_pages\dotnet\GXNetX\Working\Output\Website\styles\branding-tr-TR.css
M:\jobs\FULLBUILD-RELEASE4-GET\api\gx\doc\Geosoft.Sandcastle\Release\styles\branding-Website.css -&gt; M:\jobs\FULLBUILD-RELEASE4-GET\api\build\gx_redist\gh_pages\dotnet\GXNetX\Working\Output\Website\styles\branding-Website.css
M:\jobs\FULLBUILD-RELEASE4-GET\api\gx\doc\Geosoft.Sandcastle\Release\styles\branding-zh-CN.css -&gt; M:\jobs\FULLBUILD-RELEASE4-GET\api\build\gx_redist\gh_pages\dotnet\GXNetX\Working\Output\Website\styles\branding-zh-CN.css
M:\jobs\FULLBUILD-RELEASE4-GET\api\gx\doc\Geosoft.Sandcastle\Release\styles\branding-zh-TW.css -&gt; M:\jobs\FULLBUILD-RELEASE4-GET\api\build\gx_redist\gh_pages\dotnet\GXNetX\Working\Output\Website\styles\branding-zh-TW.css
M:\jobs\FULLBUILD-RELEASE4-GET\api\gx\doc\Geosoft.Sandcastle\Release\styles\branding.css -&gt; M:\jobs\FULLBUILD-RELEASE4-GET\api\build\gx_redist\gh_pages\dotnet\GXNetX\Working\Output\Website\styles\branding.css
M:\jobs\FULLBUILD-RELEASE4-GET\api\gx\doc\Geosoft.Sandcastle\Release\Web\index.html -&gt; M:\jobs\FULLBUILD-RELEASE4-GET\api\build\gx_redist\gh_pages\dotnet\GXNetX\Working\Output\Website\index.html
M:\jobs\FULLBUILD-RELEASE4-GET\api\gx\doc\Geosoft.Sandcastle\Release\Web\search.html -&gt; M:\jobs\FULLBUILD-RELEASE4-GET\api\build\gx_redist\gh_pages\dotnet\GXNetX\Working\Output\Website\search.html
M:\jobs\FULLBUILD-RELEASE4-GET\api\gx\doc\Geosoft.Sandcastle\Release\Web\SearchHelp.aspx -&gt; M:\jobs\FULLBUILD-RELEASE4-GET\api\build\gx_redist\gh_pages\dotnet\GXNetX\Working\Output\Website\SearchHelp.aspx
M:\jobs\FULLBUILD-RELEASE4-GET\api\gx\doc\Geosoft.Sandcastle\Release\Web\SearchHelp.inc.php -&gt; M:\jobs\FULLBUILD-RELEASE4-GET\api\build\gx_redist\gh_pages\dotnet\GXNetX\Working\Output\Website\SearchHelp.inc.php
M:\jobs\FULLBUILD-RELEASE4-GET\api\gx\doc\Geosoft.Sandcastle\Release\Web\SearchHelp.php -&gt; M:\jobs\FULLBUILD-RELEASE4-GET\api\build\gx_redist\gh_pages\dotnet\GXNetX\Working\Output\Website\SearchHelp.php
M:\jobs\FULLBUILD-RELEASE4-GET\api\gx\doc\Geosoft.Sandcastle\Release\Web\Web.Config -&gt; M:\jobs\FULLBUILD-RELEASE4-GET\api\build\gx_redist\gh_pages\dotnet\GXNetX\Working\Output\Website\Web.Config
M:\jobs\FULLBUILD-RELEASE4-GET\api\gx\doc\Geosoft.Sandcastle\Release\Web\icons\Search.png -&gt; M:\jobs\FULLBUILD-RELEASE4-GET\api\build\gx_redist\gh_pages\dotnet\GXNetX\Working\Output\Website\icons\Search.png
M:\jobs\FULLBUILD-RELEASE4-GET\api\gx\doc\Geosoft.Sandcastle\Release\Web\icons\TocClose.gif -&gt; M:\jobs\FULLBUILD-RELEASE4-GET\api\build\gx_redist\gh_pages\dotnet\GXNetX\Working\Output\Website\icons\TocClose.gif
M:\jobs\FULLBUILD-RELEASE4-GET\api\gx\doc\Geosoft.Sandcastle\Release\Web\icons\TocCollapsed.gif -&gt; M:\jobs\FULLBUILD-RELEASE4-GET\api\build\gx_redist\gh_pages\dotnet\GXNetX\Working\Output\Website\icons\TocCollapsed.gif
M:\jobs\FULLBUILD-RELEASE4-GET\api\gx\doc\Geosoft.Sandcastle\Release\Web\icons\TocExpanded.gif -&gt; M:\jobs\FULLBUILD-RELEASE4-GET\api\build\gx_redist\gh_pages\dotnet\GXNetX\Working\Output\Website\icons\TocExpanded.gif
M:\jobs\FULLBUILD-RELEASE4-GET\api\gx\doc\Geosoft.Sandcastle\Release\Web\icons\TocOpen.gif -&gt; M:\jobs\FULLBUILD-RELEASE4-GET\api\build\gx_redist\gh_pages\dotnet\GXNetX\Working\Output\Website\icons\TocOpen.gif
M:\jobs\FULLBUILD-RELEASE4-GET\api\gx\doc\Geosoft.Sandcastle\Release\Web\scripts\branding-Website.js -&gt; M:\jobs\FULLBUILD-RELEASE4-GET\api\build\gx_redist\gh_pages\dotnet\GXNetX\Working\Output\Website\scripts\branding-Website.js
M:\jobs\FULLBUILD-RELEASE4-GET\api\gx\doc\Geosoft.Sandcastle\Release\Web\scripts\jquery-1.11.0.min.js -&gt; M:\jobs\FULLBUILD-RELEASE4-GET\api\build\gx_redist\gh_pages\dotnet\GXNetX\Working\Output\Website\scripts\jquery-1.11.0.min.js
    Last step completed in 00:00:01.0313
</buildStep>
<buildStep step="GenerateHelpFormatTableOfContents">
Generating website table of contents file...
    Last step completed in 00:00:00.0000
</buildStep>
<buildStep step="GenerateFullTextIndex">
Generating full-text index for the website...

<plugIn name="Lightweight Website Style" behavior="After" priority="1000">
Adding lightweight search and TOC elements to each topic...
</plugIn>    Last step completed in 00:00:35.3452
</buildStep>
<buildStep step="CopyingWebsiteFiles">
Copying website files to output folder...

Copied 100 files
Copied 200 files
Copied 300 files
Copied 400 files
Copied 500 files
Copied 600 files
Copied 700 files
Copied 800 files
Copied 900 files
Copied 1000 files
Copied 1100 files
Copied 1200 files
Copied 1300 files
Copied 1400 files
Copied 1500 files
Copied 1600 files
Copied 1700 files
Copied 1800 files
Copied 1900 files
Copied 2000 files
Copied 2100 files
Copied 2200 files
Copied 2300 files
Copied 2400 files
Copied 2500 files
Copied 2600 files
Copied 2700 files
Copied 2800 files
Copied 2900 files
Copied 3000 files
Copied 3100 files
Copied 3200 files
Copied 3300 files
Copied 3400 files
Copied 3500 files
Copied 3600 files
Copied 3700 files
Copied 3800 files
Copied 3900 files
Copied 4000 files
Copied 4100 files
Copied 4200 files
Copied 4300 files
Copied 4400 files
Copied 4500 files
Copied 4600 files
Copied 4700 files
Copied 4800 files
Copied 4900 files
Copied 5000 files
Copied 5100 files
Copied 5200 files
Copied 5300 files
Copied 5400 files
Copied 5500 files
Copied 5600 files
Copied 5700 files
Copied 5800 files
Copied 5900 files
Copied 6000 files
Copied 6100 files
Copied 6200 files
Copied 6300 files
Copied 6400 files
Copied 6500 files
Copied 6600 files
Copied 6700 files
Copied 6800 files
Copied 6900 files
Copied 7000 files
Copied 7100 files
Copied 7200 files
Copied 7300 files
Copied 7400 files
Copied 7500 files
Copied 7600 files
Copied 7700 files
Copied 7800 files
Copied 7900 files
Copied 8000 files
Copied 8100 files
Copied 8200 files
Copied 8300 files
Copied 8400 files
Copied 8500 files
Copied 8600 files
Copied 8688 files for the website content
    Last step completed in 00:00:42.2205
</buildStep>
<buildStep step="CleanIntermediates">
Removing intermediate files...
    Last step completed in 00:00:04.1877
</buildStep>
<buildStep step="Completed">

Build completed successfully at 11/12/2018 4:25:31 PM.  Total time: 00:03:29.0710

</buildStep>
</shfbBuild>
